[    0.000000] Linux version 4.15.0-39-generic (buildd@lgw01-amd64-054) (gcc version 7.3.0 (Ubuntu 7.3.0-16ubuntu3)) #42-Ubuntu SMP Tue Oct 23 15:48:01 UTC 2018 (Ubuntu 4.15.0-39.42-generic 4.15.18)
[    0.000000] Command line: BOOT_IMAGE=/boot/vmlinuz-4.15.0-39-generic root=LABEL=cloudimg-rootfs ro console=tty1 consol=ttyS0
[    0.000000] KERNEL supported cpus:
[    0.000000]   Intel GenuineIntel
[    0.000000]   AMD AuthenticAMD
[    0.000000]   Centaur CentaurHauls
[    0.000000] x86/fpu: Supporting XSAVE feature 0x001: 'x87 floating point registers'
[    0.000000] x86/fpu: Supporting XSAVE feature 0x002: 'SSE registers'
[    0.000000] x86/fpu: Supporting XSAVE feature 0x004: 'AVX registers'
[    0.000000] x86/fpu: xstate_offset[2]:  576, xstate_sizes[2]:  256
[    0.000000] x86/fpu: Enabled xstate features 0x7, context size is 832 bytes, using 'standard' format.
[    0.000000] e820: BIOS-provided physical RAM map:
[    0.000000] BIOS-e820: [mem 0x0000000000000000-0x000000000009fbff] usable
[    0.000000] BIOS-e820: [mem 0x000000000009fc00-0x000000000009ffff] reserved
[    0.000000] BIOS-e820: [mem 0x00000000000f0000-0x00000000000fffff] reserved
[    0.000000] BIOS-e820: [mem 0x0000000000100000-0x000000003ffeffff] usable
[    0.000000] BIOS-e820: [mem 0x000000003fff0000-0x000000003fffffff] ACPI data
[    0.000000] BIOS-e820: [mem 0x00000000fec00000-0x00000000fec00fff] reserved
[    0.000000] BIOS-e820: [mem 0x00000000fee00000-0x00000000fee00fff] reserved
[    0.000000] BIOS-e820: [mem 0x00000000fffc0000-0x00000000ffffffff] reserved
[    0.000000] NX (Execute Disable) protection: active
[    0.000000] SMBIOS 2.5 present.
[    0.000000] DMI: innotek GmbH VirtualBox/VirtualBox, BIOS VirtualBox 12/01/2006
[    0.000000] Hypervisor detected: KVM
[    0.000000] e820: last_pfn = 0x3fff0 max_arch_pfn = 0x400000000
[    0.000000] MTRR: Disabled
[    0.000000] x86/PAT: MTRRs disabled, skipping PAT initialization too.
[    0.000000] CPU MTRRs all blank - virtualized system.
[    0.000000] x86/PAT: Configuration [0-7]: WB  WT  UC- UC  WB  WT  UC- UC  
[    0.000000] found SMP MP-table at [mem 0x0009fff0-0x0009ffff] mapped at [        (ptrval)]
[    0.000000] Scanning 1 areas for low memory corruption
[    0.000000] RAMDISK: [mem 0x35ae3000-0x36d68fff]
[    0.000000] ACPI: Early table checksum verification disabled
[    0.000000] ACPI: RSDP 0x00000000000E0000 000024 (v02 VBOX  )
[    0.000000] ACPI: XSDT 0x000000003FFF0030 00003C (v01 VBOX   VBOXXSDT 00000001 ASL  00000061)
[    0.0000000] ACPI: FACP 0x000000003FFF00F0 0000F4 (v04 VBOX   VBOXFACP 00000001 ASL  00000061)
[    0.000000] ACPI: DSDT 0x000000003FFF0470 0021FF (v02 VBOX   VBOXBIOS 00000002 INTL 20160930)
[    0.000000] ACPI: FACS 0x000000003FFF0200 000040
[    0.000000] ACPI: FACS 0x000000003FFF0200 000040
[    0.000000] ACPI: APIC 0x000000003FFF0240 00005C (v02 VBOX   VBOXAPIC 00000001 ASL  00000061)
[    0.000000] ACPI: SSDT 0x000000003FFF02A0 0001CC (v01 VBOX   VBOXCPUT 00000002 INTL 20160930)
[    0.000000] No NUMA configuration found
[    0.000000] Faking a node at [mem 0x0000000000000000-0x000000003ffeffff]
[    0.000000] NODE_DATA(0) allocated [mem 0x3ffc5000-0x3ffeffff]
[    0.000000] kvm-clock: cpu 0, msr 0:3ff44001, primary cpu clock
[    0.000000] kvm-clock: Using msrs 4b564d01 and 4b564d00
[    0.000000] kvm-clock: using sched offset of 3372393780 cycles
[    0.000000] clocksource: kvm-clock: mask: 0xffffffffffffffff max_cycles: 0x1cd42e4dffb, max_idle_ns: 881590591483 ns
[    0.000000] Zone ranges:
[    0.000000]   DMA      [mem 0x0000000000001000-0x0000000000ffffff]
[    0.000000]   DMA32    [mem 0x0000000001000000-0x000000003ffeffff]
[    0.000000]   Normal   empty
[    0.000000]   Device   empty
[    0.000000] Movable zone start for each node
[    0.000000] Early memory node ranges
[    0.000000]   node   0: [mem 0x0000000000001000-0x000000000009efff]
[    0.000000]   node   0: [mem 0x0000000000100000-0x000000003ffeffff]
[    0.000000] Initmem setup node 0 [mem 0x0000000000001000-0x000000003ffeffff]
[    0.000000] Reserved but unavailable: 98 pages
[    0.000000] ACPI: PM-Timer IO Port: 0x4008
[    0.000000] IOAPIC[0]: apic_id 2, version 32, address 0xfec00000, GSI 0-23
[    0.000000] ACPI: INT_SRC_OVR (bus 0 bus_irq 0 global_irq 2 dfl dfl)
[    0.000000] ACPI: INT_SRC_OVR (bus 0 bus_irq 9 global_irq 9 low level)
[    0.000000] Using ACPI (MADT) for SMP configuration information
[    0.000000] smpboot: Allowing 2 CPUs, 0 hotplug CPUs
[    0.000000] PM: Registered nosave memory: [mem 0x00000000-0x00000fff]
[    0.000000] PM: Registered nosave memory: [mem 0x0009f000-0x0009ffff]
[    0.000000] PM: Registered nosave memory: [mem 0x000a0000-0x000effff]
[    0.000000] PM: Registered nosave memory: [mem 0x000f0000-0x000fffff]
[    0.000000] e820: [mem 0x40000000-0xfebfffff] available for PCI devices
[    0.000000] Booting paravirtualized kernel on KVM
[    0.000000] clocksource: refined-jiffies: mask: 0xffffffff max_cycles: 0xffffffff, max_idle_ns: 7645519600211568 ns
[    0.000000] random: get_random_bytes called from start_kernel+0x99/0x4fd with crng_init=0
[    0.000000] setup_percpu: NR_CPUS:8192 nr_cpumask_bits:2 nr_cpu_ids:2 nr_node_ids:1
[    0.000000] percpu: Embedded 46 pages/cpu @        (ptrval) s151552 r8192 d28672 u1048576
[    0.000000] PV qspinlock hash table entries: 256 (order: 0, 4096 bytes)
[    0.000000] Built 1 zonelists, mobility grouping on.  Total pages: 257913
[    0.000000] Policy zone: DMA32
[    0.000000] Kernel command line: BOOT_IMAGE=/boot/vmlinuz-4.15.0-39-generic root=LABEL=cloudimg-rootfs ro console=tty1 console=ttyS0
[    0.000000] Memory: 983616K/1048120K available (12300K kernel code, 2472K rwdata, 4248K rodata, 2408K init, 2416K bss, 64504K reserved, 0K cma-reserved)
[    0.000000] SLUB: HWalign=64, Order=0-3, MinObjects=0, CPUs=2, Nodes=1
[    0.000000] Kernel/User page tables isolation: enabled
[    0.000000] ftrace: allocating 39178 entres in 154 pages
[    0.004000] Hierarchical RCU implementation.
[    0.004000] 	RCU restricting CPUs from NR_CPUS=8192 to nr_cpu_ids=2.
[    0.004000] 	Tasks RCU enabled.
[    0.004000] RCU: Adjusting geometry for rcu_fanout_leaf=16, nr_cpu_ids=2
[    0.004000] NR_IRQS: 524544, nr_irqs: 440, preallocated irqs: 16
[    0.004000] Console: colour VGA+ 80x25
[    0.004000] console [tty1] enabled
[    0.004000] console [ttyS0] enabled
[    0.004000] ACPI: Core revision 20170831
[    0.004000] ACPI: 2 ACPI AML tables successfully acquired and loaded
[    0.004000] APIC: Switch to symmetric I/O mode setup
[    0.004000] x2apic enabled
[    0.004000] Switched APIC routing to physical x2apic.
[    0.004000] ..TIMER: vector=0x30 apic1=0 pin1=2 apic2=-1 pin2=-1
[    0.004006] tsc: Detected 2594.044 MHz processor
[    0.004753] Calibrating delay loop (skipped) preset value.. 5188.08 BogoMIPS (lpj=10376176)
[    0.005324] pid_max: default: 32768 minimum: 301
[    0.006100] Security Framework initialized
[    0.008003] Yama: becoming mindful.
[    0.008622] AppArmor: AppArmor initialized
[    0.009908] Dentry cache hash table entries: 131072 (order: 8, 1048576 bytes)
[    0.011111] Inode-cache hash table entries: 65536 (order: 7, 524288 bytes)
[    0.012015] Mount-cache hash table entries: 2048 (order: 2, 16384 bytes)
[    0.013057] Mountpoint-cache hash table entries: 2048 (order: 2, 16384 bytes)
[    0.014385] mce: CPU supports 0 MCE banks
[    0.015069] Last level iTLB entries: 4KB 512, 2MB 8, 4MB 8
[    0.016003] Last level dTLB entries: 4KB 512, 2MB 32, 4MB 32, 1GB 0
[    0.016982] Spectre V2 : Mitigation: Full generic retpoline
[    0.017850] Spectre V2 : Spectre v2 / SpectreRSB mitigation: Filling RSB on context switch
[    0.019162] Speculative Store Bypass: Vulnerable
[    0.020108] Freeing SMP alternatives memory: 36K
[    0.024000] APIC calibration not consistent with PM-Timer: 98ms instead of 100ms
[    0.024000] APIC delta adjusted to PM-Timer: 6249939 (6180850)
[    0.024060] smpboot: CPU0: Intel(R) Core(TM) i5-3320M CPU @ 2.60GHz (family: 0x6, model: 0x3a, stepping: 0x9)
[    0.026168] Performance Events: unsupported p6 CPU model 58 no PMU driver, software events only.
[    0.028000] Hierarchical SRCU implementation.
[    0.028659] NMI watchdog: Perf event create on CPU 0 failed with -2
[    0.029988] NMI watchdog: Perf NMI watchdog permanently disabled
[    0.032077] smp: Bringing up secondary CPUs ...
[    0.033144] x86: Booting SMP configuration:
[    0.034038] .... node  #0, CPUs:      #1
[    0.004000] kvm-clock: cpu 1, msr 0:3ff44041, secondary cpu clock
[    0.004000] mce: CPU supports 0 MCE banks
[    0.047608] smp: Brought up 1 node, 2 CPUs
[    0.048008] smpboot: Max logical packages: 1
[    0.048928] smpboot: Total of 2 processors activated (10376.17 BogoMIPS)
[    0.050459] devtmpfs: initialized
[    0.052060] x86/mm: Memory block size: 128MB
[    0.053132] evm: security.selinux
[    0.053871] evm: security.SMACK64
[    0.054605] evm: security.SMACK64EXEC
[    0.055398] evm: security.SMACK64TRANSMUTE
[    0.056004] evm: security.SMACK64MMAP
[    0.056806] evm: security.apparmor
[    0.057586] evm: security.ima
[    0.058284] evm: security.capability
[    0.060018] clocksource: jiffies: mask: 0xffffffff max_cycles: 0xffffffff, max_idle_ns: 7645041785100000 ns
[    0.062121] futex hash table entries: 512 (order: 3, 32768 bytes)
[    0.063501] pinctrl core: initialized pinctrl subsystem
[    0.064582] RTC time: 22:40:03, date: 12/06/18
[    0.065738] NET: Registered protocol family 16
[    0.066771] audit: initializing netlink subsys (disabled)
[    0.068041] audit: type=2000 audit(1544136007.607:1): state=initialized audit_enabled=0 res=1
[    0.072033] cpuidle: using governor ladder
[    0.072924] cpuidle: using governor menu
[    0.073863] ACPI: bus type PCI registered
[    0.076004] acpiphp: ACPI Hot Plug PCI Controller Driver version: 0.5
[    0.077468] PCI: Using configuration type 1 for base access
[    0.080046] HugeTLB registered 2.00 MiB page size, pre-allocated 0 pages
[    0.081496] ACPI: Added _OSI(Module Device)
[    0.081496] ACPI: Added _OSI(Processor Device)
[    0.084004] ACPI: Added _OSI(3.0 _SCP Extensions)
[    0.085032] ACPI: Added _OSI(Processor Aggregator Device)
[    0.086189] ACPI: Added _OSI(Linux-Dell-Video)
[    0.088010] ACPI: Added _OSI(Linux-Lenovo-NV-HDMI-Audio)
[    0.089504] ACPI: Executed 1 blocks of module-level executable AML code
[    0.094840] ACPI: Interpreter enabled
[    0.095738] ACPI: (supports S0 S5)
[    0.096005] ACPI: Using IOAPIC for interrupt routing
[    0.097316] PCI: Using host bridge windows from ACPI; if necessary, use "pci=nocrs" and report a bug
[    0.099376] ACPI: Enabled 2 GPEs in block 00 to 07
[    0.107285] ACPI: PCI Root Bridge [PCI0] (domain 0000 [bus 00-ff])
[    0.108012] acpi PNP0A03:00: _OSC: OS supports [ASPM ClockPM Segments MSI]
[    0.109490] acpi PNP0A03:00: _OSC: not requesting OS control; OS requires [ExtendedConfig ASPM ClockPM MSI]
[    0.112015] acpi PNP0A03:00: fail to add MMCONFIG information, can't access extended PCI configuration space under this bridge.
[    0.116178] PCI host bridge to bus 0000:00
[    0.117099] pci_bus 0000:00: root bus resource [io  0x0000-0x0cf7 window]
[    0.118553] pci_bus 0000:00: root bus resource [io  0x0d00-0xffff window]
[    0.119981] pci_bus 0000:00: root bus resource [mem 0x000a0000-0x000bffff window]
[    0.120004] pci_bus 0000:00: root bus resource [mem 0x40000000-0xfdffffff window]
[    0.121614] pci_bus 0000:00: root bus resource [bus 00-ff]
[    0.125830] pci 0000:00:01.1: legacy IDE quirk: reg 0x10: [io  0x01f0-0x01f7]
[    0.128008] pci 0000:00:01.1: legacy IDE quirk: reg 0x14: [io  0x03f6]
[    0.130048] pci 0000:00:01.1: legacy IDE quirk: reg 0x18: [io  0x0170-0x0177]
[    0.132005] pci 0000:00:01.1: legacy IDE quirk: reg 0x1c: [io  0x0376]
[    0.153050] pci 0000:00:07.0: quirk: [io  0x4000-0x403f] claimed by PIIX4 ACPI
[    0.154703] pci 0000:00:07.0: quirk: [io  0x4100-0x410f] claimed by PIIX4 SMB
[    0.162632] ACPI: PCI Interrupt Link [LNKA] (IRQs 5 9 10 *11)
[    0.164364] ACPI: PCI Interrupt Link [LNKB] (IRQs 5 9 *10 11)
[    0.165749] ACPI: PCI Interrupt Link [LNKC] (IRQs 5 *9 10 11)
[    0.168161] ACPI: PCI Interrupt Link [LNKD] (IRQs 5 9 10 *11)
[    0.169881] SCSI subsystem initialized
[    0.172138] pci 0000:00:02.0: vgaarb: setting as boot VGA device
[    0.174602] pci 0000:00:02.0: vgaarb: VGA device added: decodes=io+mem,owns=io+mem,locks=none
[    0.176008] pci 0000:00:02.0: vgaarb: bridge control possible
[    0.180004] vgaarb: loaded
[    0.181244] ACPI: bus type USB registered
[    0.182975] usbcore: registered new interface driver usbfs
[    0.184019] usbcore: registered new interface driver hub
[    0.184047] usbcore: registered new device driver usb
[    0.188048] EDAC MC: Ver: 3.0.0
[    0.192070] PCI: Using ACPI for IRQ routing
[    0.193433] NetLabel: Initializing
[    0.194280] NetLabel:  domain hash size = 128
[    0.195306] NetLabel:  protocols = UNLABELED CIPSOv4 CALIPSO
[    0.196033] NetLabel:  unlabeled traffic allowed by default
[    0.197383] clocksource: Switched to clocksource kvm-clock
[    0.214332] VFS: Disk quotas dquot_6.6.0
[    0.215419] VFS: Dquot-cache hash table entries: 512 (order 0, 4096 bytes)
[    0.217135] AppArmor: AppArmor Filesystem Enabled
[    0.218318] pnp: PnP ACPI init
[    0.220703] pnp: PnP ACPI: found 3 devices
[    0.228154] clocksource: acpi_pm: mask: 0xffffff max_cycles: 0xffffff, max_idle_ns: 2085701024 ns
[    0.257126] NET: Registered protocol family 2
[    0.258775] TCP established hash table entries: 8192 (order: 4, 65536 bytes)
[    0.260339] TCP bind hash table entries: 8192 (order: 5, 131072 bytes)
[    0.261757] TCP: Hash tables configured (established 8192 bind 8192)
[    0.263147] UDP hash table entries: 512 (order: 2, 16384 bytes)
[    0.264443] UDP-Lite hash table entries: 512 (order: 2, 16384 bytes)
[    0.265899] NET: Registered protocol family 1
[    0.266883] pci 0000:00:00.0: Limiting direct PCI/PCI transfers
[    0.268198] pci 0000:00:01.0: Activating ISA DMA hang workarounds
[    0.276188] pci 0000:00:02.0: Video device with shadowed ROM at [mem 0x000c0000-0x000dffff]
[    0.278090] Unpacking initramfs...
[    0.544851] Freeing initrd memory: 18968K
[    0.547043] platform rtc_cmos: registered platform RTC device (no PNP device found)
[    0.564977] Scanning for low memory corruption every 60 seconds
[    0.567511] Initialise system trusted keyrings
[    0.589604] Key type blacklist registered
[    0.596047] workingset: timestamp_bits=36 max_order=18 bucket_order=0
[    0.598349] zbud: loaded
[    0.599416] squashfs: version 4.0 (2009/01/31) Phillip Lougher
[    0.600899] fuse init (API version 7.26)
[    0.605050] Key type asymmetric registered
[    0.611475] Asymmetric key parser 'x509' registered
[    0.613336] Block layer SCSI generic (bsg) driver version 0.4 loaded (major 246)
[    0.616202] io scheduler noop registered
[    0.623449] io scheduler deadline registered
[    0.624556] io scheduler cfq registered (default)
[    0.625976] ACPI: AC Adapter [AC] (on-line)
[    0.626989] input: Power Button as /devices/LNXSYSTM:00/LNXPWRBN:00/input/input0
[    0.628701] ACPI: Power Button [PWRF]
[    0.629609] input: Sleep Button as /devices/LNXSYSTM:00/LNXSLPBN:00/input/input1
[    0.631235] ACPI: Sleep Button [SLPF]
[    0.632419] Serial: 8250/16550 driver, 32 ports, IRQ sharing enabled
[    0.633556] ACPI: Battery Slot [BAT0] (battery present)
[    0.657158] 00:02: ttyS0 at I/O 0x3f8 (irq = 4, base_baud = 115200) is a 16550A
[    0.660260] Linux agpgart interface v0.103
[    0.662412] loop: module loaded
[    0.663725] scsi host0: ata_piix
[    0.664718] scsi host1: ata_piix
[    0.665507] ata1: PATA max UDMA/33 cmd 0x1f0 ctl 0x3f6 bmdma 0xd000 irq 14
[    0.666906] ata2: PATA max UDMA/33 cmd 0x170 ctl 0x376 bmdma 0xd008 irq 15
[    0.668907] libphy: Fixed MDIO Bus: probed
[    0.669796] tun: Universal TUN/TAP device driver, 1.6
[    0.670891] PPP generic driver version 2.4.2
[    0.671855] ehci_hcd: USB 2.0 'Enhanced' Host Controller (EHCI) Driver
[    0.673241] ehci-pci: EHCI PCI platform driver
[    0.674226] ehci-platform: EHCI generic platform driver
[    0.675329] ohci_hcd: USB 1.1 'Open' Host Controller (OHCI) Driver
[    0.676620] ohci-pci: OHCI PCI platform driver
[    0.677582] ohci-platform: OHCI generic platform driver
[    0.678678] uhci_hcd: USB Universal Host Controller Interface driver
[    0.680039] i8042: PNP: PS/2 Controller [PNP0303:PS2K,PNP0f03:PS2M] at 0x60,0x64 irq 1,12
[    0.682273] serio: i8042 KBD port at 0x60,0x64 irq 1
[    0.683330] serio: i8042 AUX port at 0x60,0x64 irq 12
[    0.684545] mousedev: PS/2 mouse device common for all mice
[    0.690797] input: AT Translated Set 2 keyboard as /devices/platform/i8042/serio0/input/input2
[    0.692999] rtc_cmos rtc_cmos: rtc core: registered rtc_cmos as rtc0
[    0.694360] rtc_cmos rtc_cmos: alarms up to one day, 114 bytes nvram
[    0.695671] i2c /dev entries driver
[    0.696461] pcie_mp2_amd: AMD(R) PCI-E MP2 Communication Driver Version: 1.0
[    0.697964] device-mapper: uevent: version 1.0.3
[    0.699062] device-mapper: ioctl: 4.37.0-ioctl (2017-09-20) initialised: dm-devel@redhat.com
[    0.700904] ledtrig-cpu: registered to indicate activity on CPUs
[    0.702723] NET: Registered protocol family 10
[    0.707651] Segment Routing with IPv6
[    0.708584] NET: Registered protocol family 17
[    0.709650] Key type dns_resolver registered
[    0.710846] RAS: Correctable Errors collector initialized.
[    0.712058] sched_clock: Marking stable (712033593, 0)->(1325734180, -613700587)
[    0.714198] registered taskstats version 1
[    0.715123] Loading compiled-in X.509 certificates
[    0.719270] Loaded X.509 cert 'Build time autogenerated kernel key: 28c680bedc8638650c29d29ff1fd33ae66a2014d'
[    0.727721] zswap: loaded using pool lzo/zbud
[    0.733524] Key type big_key registered
[    0.734431] Key type trusted registered
[    0.737461] Key type encrypted registered
[    0.738379] AppArmor: AppArmor sha1 policy hashing enabled
[    0.739584] ima: No TPM chip found, activating TPM-bypass! (rc=-19)
[    0.747215] ima: Allocated hash algorithm: sha1
[    0.748229] evm: HMAC attrs: 0x1
[    0.749169]   Magic number: 14:953:703
[    0.750093] rtc_cmos rtc_cmos: setting system clock to 2018-12-06 22:40:03 UTC (1544136003)
[    0.752045] BIOS EDD facility v0.16 2004-Jun-25, 0 devices found
[    0.753281] EDD information not available.
[    0.830417] Freeing unused kernel memory: 2408K
[    0.848065] Write protecting the kernel read-only data: 20480k
[    0.849919] Freeing unused kernel memory: 2008K
[    0.854316] Freeing unused kernel memory: 1896K
[    0.861218] x86/mm: Checked W+X mappings: passed, no W+X pages found.
[    1.005372] x86/mm: Checking user space page tables
[    1.012243] x86/mm: Checked W+X mappings: passed, no W+X pages found.
Loading, please wait...
starting version 237
[    1.124039] Fusion MPT base driver 3.04.20
[    1.126082] Copyright (c) 1999-2008 LSI Corporation
[    1.130603] e1000: Intel(R) PRO/1000 Network Driver - version 7.3.21-k8-NAPI
[    1.133810] e1000: Copyright (c) 1999-2006 Intel Corporation.
[    1.151755] AVX version of gcm_enc/dec engaged.
[    1.153848] AES CTR mode by8 optimization enabled
[    1.163842] Fusion MPT SPI Host driver 3.04.20
[    1.343549] input: ImExPS/2 Generic Explorer Mouse as /devices/platform/i8042/serio1/input/input4
[    1.524099] e1000 0000:00:03.0 eth0: (PCI:33MHz:32-bit) 02:c2:cc:dd:c7:b8
[    1.525677] e1000 0000:00:03.0 eth0: Intel(R) PRO/1000 Network Connection
[    1.528496] mptbase: ioc0: Initiating bringup
[    1.528502] e1000 0000:00:03.0 enp0s3: renamed from eth0
[    1.564284] tsc: Refined TSC clocksource calibration: 2593.846 MHz
[    1.567156] clocksource: tsc: mask: 0xffffffffffffffff max_cycles: 0x256386915a8, max_idle_ns: 440795250415 ns
[    1.632867] ioc0: LSI53C1030 A0: Capabilities={Initiator}
[    1.881572] scsi host2: ioc0: LSI53C1030 A0, FwRev=00000000h, Ports=1, MaxQ=256, IRQ=20
[    2.053041] scsi 2:0:0:0: Direct-Access     VBOX     HARDDISK         1.0  PQ: 0 ANSI: 5
[    2.616252] scsi target2:0:0: Beginning Domain Validation
[    2.758144] scsi target2:0:0: Domain Validation skipping write tests
[    2.759537] scsi target2:0:0: Ending Domain Validation
[    2.760860] scsi target2:0:0: asynchronous
[    2.762484] scsi 2:0:1:0: Direct-Access     VBOX     HARDDISK         1.0  PQ: 0 ANSI: 5
[    2.792099] scsi target2:0:1: Beginning Domain Validation
[    2.798414] random: fast init done
[    2.799449] scsi target2:0:1: Domain Validation skipping write tests
[    2.800930] scsi target2:0:1: Ending Domain Validation
[    2.806497] scsi target2:0:1: asynchronous
[    2.830826] random: systemd-udevd: uninitialized urandom read (16 bytes read)
[    2.830961] sd 2:0:0:0: Attached scsi generic sg0 type 0
[    2.831214] sd 2:0:1:0: Attached scsi generic sg1 type 0
[    2.836259] random: systemd-udevd: uninitialized urandom read (16 bytes read)
[    2.836344] sd 2:0:0:0: [sda] 20971520 512-byte logical blocks: (10.7 GB/10.0 GiB)
[    2.856292] sd 2:0:0:0: [sda] Write Protect is off
[    2.857574] sd 2:0:1:0: [sdb] 20480 512-byte logical blocks: (10.5 MB/10.0 MiB)
[    2.858404] sd 2:0:1:0: [sdb] Write Protect is off
[    2.858431] sd 2:0:0:0: [sda] Incomplete mode parameter data
[    2.858433] sd 2:0:0:0: [sda] Assuming drive cache: write through
[    2.860554] sd 2:0:1:0: [sdb] Incomplete mode parameter data
[    2.860556] sd 2:0:1:0: [sdb] Assuming drive cache: write through
[    2.865410] random: systemd-udevd: uninitialized urandom read (16 bytes read)
[    2.867274]  sda: sda1
[    2.869103] sd 2:0:0:0: [sda] Attached SCSI disk
[    2.869923] sd 2:0:1:0: [sdb] Attached SCSI disk
Begin: Loading essential drivers ... [    4.355379] raid6: sse2x1   gen()  9703 MB/s
[    4.405298] raid6: sse2x1   xor()  6896 MB/s
[    4.465321] raid6: sse2x2   gen() 12551 MB/s
[    4.535342] raid6: sse2x2   xor()  8033 MB/s
[    4.595306] raid6: sse2x4   gen() 14262 MB/s
[    4.665317] raid6: sse2x4   xor() 10145 MB/s
[    4.686177] raid6: using algorithm sse2x4 gen() 14262 MB/s
[    4.687052] raid6: .... xor() 10145 MB/s, rmw enabled
[    4.687863] raid6: using ssse3x2 recovery algorithm
[    4.690442] xor: automatically using best checksumming function   avx       
[    4.694367] async_tx: api initialized (async)
done.
Begin: Running /scripts/init-premount ... done.
Begin: Mounting root file system ... Begin: Running /scripts/local-top ... done.
Begin: Running /scripts/local-premount ... [    4.753673] Btrfs loaded, crc32c=crc32c-intel
Scanning for Btrfs filesystems
done.
Warning: fsck not present, so sk[    4.803315] EXT4-fs (sda1): mounted filesystem with ordered data mode. Opts: (null)
ipping root file system
done.
Begin: Running /scripts/local-bottom ... done.
Begin: Running /scripts/init-bottom ... done.
[    5.054121] ip_tables: (C) 2000-2006 Netfilter Core Team
[    5.066899] systemd[1]: systemd 237 running in system mode. (+PAM +AUDIT +SELINUX +IMA +APPARMOR +SMACK +SYSVINIT +UTMP +LIBCRYPTSETUP +GCRYPT +GNUTLS +ACL +XZ +LZ4 +SECCOMP +BLKID +ELFUTILS +KMOD -IDN2 +IDN -PCRE2 default-hierarchy=hybrid)
[    5.071304] systemd[1]: Detected virtualization oracle.
[    5.073006] systemd[1]: Detected architecture x86-64.

Welcome to [1mUbuntu 18.04.1 LTS[0m!

[    5.083261] systemd[1]: Set hostname to <ubuntu>.
[    5.089450] systemd[1]: Initializing machine ID from random generator.
[    5.316399] systemd[1]: Installed transient /etc/machine-id file.
[    5.648411] systemd[1]: Created slice User and Session Slice.
[[0;32m  OK  [0m] Created slice User and Session Slice.
[    5.652001] systemd[1]: Started Forward Password Requests to Wall Directory Watch.
[[0;32m  OK  [0m] Started Forward Password Requests to Wall Directory Watch.
[    5.656006] systemd[1]: Reached target User and Group Name Lookups.
[[0;32m  OK  [0m] Reached target User and Group Name Lookups.
[    5.658699] systemd[1]: Reached target System Time Synchronized.
[[0;32m  OK  [0m] Reached target System Time Synchronized.
[[0;32m  OK  [0m] Reached target Swap.
[[0;32m  OK  [0m] Created slice System Slice.
[[0;32m  OK  [0m] Listening on udev Kernel Socket.
[[0;32m  OK  [0m] Reached target Slices.
[[0;32m  OK  [0m] Listening on udev Control Socket.
[[0;32m  OK  [0m] Listening on Network Service Netlink Socket.
[[0;32m  OK  [0m] Listening on /dev/initctl Compatibility Named Pipe.
[[0;32m  OK  [0m] Listening on Device-mapper event daemon FIFOs.
[[0;32m  OK  [0m] Listening on Journal Socket.
         Starting Remount Root and Kernel File Systems...
         Starting Uncomplicated firewall...
         Starting Set the console keyboard layout...
         Mounting Huge Pages File System...
         [    5.739572] EXT4-fs (sda1): re-mounted. Opts: (null)
Starting udev Coldplug all Devices...
         Starting Load Kernel Modules...
         Mounting Kernel Debug File System...
         Mounting POSIX Message Queue File System...
[[0;32m  OK  [0m] Listening on Journal Audit Socket.
[[0;32m  OK  [0m] Listening on Syslog Socket.
[[0;32m  OK  [0m] Listening on Journal Socket (/dev/log).
         Starting Journal Service...
[[0;32m  OK  [0m] Listening on LVM2 poll daemon socket.
[[0;32m  OK  [0m] Created slice system-serial\x2dgetty.slice.
[    5.844062] Loading iSCSI transport class v2.0-870.
[[0;32m  OK  [0m] Set up automount Arbitrary Executab…rmats File System Automount Point.
[    5.858374] iscsi: registered transport (tcp)
         Starting Create list of required st…ce nodes for the current kernel...
[[0;32m  OK  [0m] Listening on LVM2 metadata daemon socket.
         Starting Monitoring of LVM2 mirrors…ng dmeventd or progress polling...
[[0;32m  OK  [0m] Started Journal Service.
[[0;32m  OK  [0m] Started Remount Root and Kernel File Systems.
[[0;32m  OK  [0m] Started Uncomplicated firewall.
[[0;32m  OK  [0m] Mounted Huge Pages File System.
[[0;32m  OK  [0m] Mounted Kernel Debug File System.
[[0;32m  OK  [0m] Mounted POSIX Message Queue File System.
[[0;32m  OK  [0m] Started Create list of required sta…vice nodes for the current kernel.
         Starting Create Static Device Nodes in /dev...
[    5.952735] iscsi: registered transport (iser)
         Starting Load/Save Random Seed...
         Starting Initial cloud-init job (pre-networking)...
         Starting Flush Journal to Persistent Storage...
[[0;32m  OK  [0m] Started Load Kernel Modules.
[[0;32m  OK  [0m] Started udev Coldplug all Devices.
[[0;32m  OK  [0m] Started Create Static Device Nodes in /dev.
[[0;32m  OK  [0m] Started LVM2 metadata daemon.
         Starting udev Kernel Device Manager...
         Starting Apply Kernel Variables...
         Mounting FUSE Control File System...
         Mounting Kernel Configuration File System...
[[0;32m  OK  [0m] Started Set the console keyboard layout.
[[0;32m  OK  [0m] Mounted FUSE Control File System.
[[0;32m  OK  [0m] Mounted Kernel Configuration File System.
[    6.091174] systemd-journald[406]: Received request to flush runtime journal from PID 1
[[0;32m  OK  [0m] Started Load/Save Random Seed.
[[0;32m  OK  [0m] Started udev Kernel Device Manager.
[[0;32m  OK  [0m] Started Dispatch Password Requests to Console Directory Watch.
[[0;32m  OK  [0m] Reached target Local Encrypted Volumes.
[[0;32m  OK  [0m] Started Monitoring of LVM2 mirrors,…sing dmeventd or progress polling.
[[0;32m  OK  [0m] Started Apply Kernel Variables.
[[0;32m  OK  [0m] Reached target Local File Systems (Pre).
[[0;32m  OK  [0m] Reached target Local File Systems.
         Starting Set console font and keymap...
         Starting AppArmor initialization...
         Starting Tell Plymouth To Write Out Runtime Data...
         Starting Commit a transient machine-id on disk...
         Starting ebtables ruleset management...
[[0;32m  OK  [0m] Started Flush Journal to Persistent Storage.
         Starting Create Volatile Files and Directories...
[[0;32m  OK  [0m] Started Set console font and keymap.
[[0;32m  OK  [0m] Started Tell Plymouth To Write Out Runtime Data.
[[0;32m  OK  [0m] Started Create Volatile Files and Directories.
         Starting Update UTMP about System Boot/Shutdown...
[[0;32m  OK  [0m] Started Commit a transient machine-id on disk.
[[0;32m  OK  [0m] Started Update UTMP about System Boot/Shutdown.
[[0;32m  OK  [0m] Found device /dev/ttyS0.
[[0;32m  OK  [0m] Started ebtables ruleset management.
[[0;32m  OK  [0m] Listening on Load/Save RF Kill Switch Status /dev/rfkill Watch.
[[0;32m  OK  [0m] Started AppArmor initialization.
[    8.170554] cloud-init[420]: Cloud-init v. 18.4-0ubuntu1~18.04.1 running 'init-local' at Thu, 06 Dec 2018 22:40:10 +0000. Up 7.66 seconds.
[[0;32m  OK  [0m] Started Initial cloud-init job (pre-networking).
[[0;32m  OK  [0m] Reached target Network (Pre).
         Starting Network Service...
[[0;32m  OK  [0m] Started Network Service.
         Starting Network Name Resolution...
         Starting Wait for Network to be Configured...
[[0;32m  OK  [0m] Started Network Name Resolution.
[[0;32m  OK  [0m] Reached target Host and Network Name Lookups.
[[0;32m  OK  [0m] Reached target Network.
[[0;32m  OK  [0m] Started Wait for Network to be Configured.
         Starting Initial cloud-init job (metadata service crawler)...
[   10.756642] cloud-init[645]: Cloud-init v. 18.4-0ubuntu1~18.04.1 running 'init' at Thu, 06 Dec 2018 22:40:13 +0000. Up 10.55 seconds.
[   10.758952] cloud-init[645]: ci-info: ++++++++++++++++++++++++++++++++++++++Net device info++++++++++++++++++++++++++++++++++++++
[   10.761072] cloud-init[645]: ci-info: +--------+------+----------------------------+---------------+--------+-------------------+
[   10.763117] cloud-init[645]: ci-info: | Device |  Up  |          Address           |      Mask     | Scope  |     Hw-Address    |
[   10.765182] cloud-init[645]: ci-info: +--------+------+----------------------------+---------------+--------+-------------------+
[   10.767236] cloud-init[645]: ci-info: | enp0s3 | True |         10.0.2.15          | 255.255.255.0 | global | 02:c2:cc:dd:c7:b8 |
[   10.769306] cloud-init[645]: ci-info: | enp0s3 | True | fe80::c2:ccff:fedd:c7b8/64 |       .       |  link  | 02:c2:cc:dd:c7:b8 |
[   10.771340] cloud-init[645]: ci-info: |   lo   | True |         127.0.0.1          |   255.0.0.0   |  host  |         .         |
[   10.773395] cloud-init[645]: ci-info: |   lo   | True |          ::1/128           |       .       |  host  |         .         |
[   10.775467] cloud-init[645]: ci-info: +--------+------+----------------------------+---------------+--------+-------------------+
[   10.777516] cloud-init[645]: ci-info: ++++++++++++++++++++++++++++Route IPv4 info+++++++++++++++++++++++++++++
[   10.779274] cloud-init[645]: ci-info: +-------+-------------+----------+-----------------+-----------+-------+
[   10.781040] cloud-init[645]: ci-info: | Route | Destination | Gateway  |     Genmask     | Interface | Flags |
[   10.782817] cloud-init[645]: ci-info: +-------+-------------+----------+-----------------+-----------+-------+
[   10.784618] cloud-init[645]: ci-info: |   0   |   0.0.0.0   | 10.0.2.2 |     0.0.0.0     |   enp0s3  |   UG  |
[   10.786378] cloud-init[645]: ci-info: |   1   |   10.0.2.0  | 0.0.0.0  |  255.255.255.0  |   enp0s3  |   U   |
[   10.788126] cloud-init[645]: ci-info: |   2   |   10.0.2.2  | 0.0.0.0  | 255.255.255.255 |   enp0s3  |   UH  |
[   10.789893] cloud-init[645]: ci-info: +-------+-------------+----------+-----------------+-----------+-------+
[   10.791657] cloud-init[645]: ci-info: +++++++++++++++++++Route IPv6 info+++++++++++++++++++
[   10.793176] cloud-init[645]: ci-info: +-------+-------------+---------+-----------+-------+
[   10.794688] cloud-init[645]: ci-info: | Route | Destination | Gateway | Interface | Flags |
[   10.796216] cloud-init[645]: ci-info: +-------+-------------+---------+-----------+-------+
[   10.797715] cloud-init[645]: ci-info: |   1   |  fe80::/64  |    ::   |   enp0s3  |   U   |
[   10.799213] cloud-init[645]: ci-info: |   3   |    local    |    ::   |   enp0s3  |   U   |
[   10.800806] cloud-init[645]: ci-info: |   4   |   ff00::/8  |    ::   |   enp0s3  |   U   |
[   10.802287] cloud-init[645]: ci-info: +-------+-------------+---------+-----------+-------+
[   11.642649] cloud-init[645]: Generating public/private rsa key pair.
[   11.645282] cloud-init[645]: Your identification has been saved in /etc/ssh/ssh_host_rsa_key.
[   11.647298] cloud-init[645]: Your public key has been saved in /etc/ssh/ssh_host_rsa_key.pub.
[   11.649416] cloud-init[645]: The key fingerprint is:
[   11.650982] cloud-init[645]: SHA256:dWP09OXqV3wcXN5QeZzmx1HIDO3ctefq2pdEqDl94B0 root@ubuntu-bionic
[   11.661731] cloud-init[645]: The key's randomart image is:
[[   11.736542] cloud-init[645]: +---[RSA 2048]----+
[   11.736952] cloud-init[645]: |            o=o+O|
[   11.737045] cloud-init[645]: |           . o*XB|
[   11.737143] cloud-init[645]: |          . +o==X|
[   11.737222] cloud-init[645]: |         . o +oE*|
[   11.737313] cloud-init[645]: |        S   = =.O|
[   11.737407] cloud-init[645]: |           + + ++|
[   11.737504] cloud-init[645]: |            . +.o|
[   11.737601] cloud-init[645]: |             ..o.|
[   11.738484] cloud-init[645]: |            .oo. |
[   11.739146] cloud-init[645]: +----[SHA256]-----+
[   11.741798] cloud-init[645]: Generating public/private dsa key pair.
[   11.741875] cloud-init[645]: Your identification has been saved in /etc/ssh/ssh_host_dsa_key.
[   11.741935] cloud-init[645]: Your public key has been saved in /etc/ssh/ssh_host_dsa_key.pub.
[   11.741987] cloud-init[645]: The key fingerprint is:
[   11.742037] cloud-init[645]: SHA256:fAJu7PZPFvOSBEZrq+/JJF2J5tzcEY5eiOY7MAQlA7Q root@ubuntu-bionic
[   11.742088] cloud-init[645]: The key's randomart image is:
[   11.742137] cloud-init[645]: +---[DSA 1024]----+
[   11.742191] cloud-init[645]: | .o.o.. .        |
[   11.742239] cloud-init[645]: |   ..o . .       |
[   11.742300] cloud-init[645]: |  E  .. =   .    |
[   11.742351] cloud-init[645]: |     o.= = = .   |
[   11.742404] cloud-init[645]: |     .+ S X +    |
[   11.742512] cloud-init[645]: |     ooO O B .   |
[   11.742613] cloud-init[645]: |      =o* O o    |
[   11.742710] cloud-init[645]: |     . *.= .     |
[   11.742832] cloud-init[645]: |       .Bo.      |
[0;32m  OK  [0m] Started Initial cloud-init job (metadata service crawler).
[   11.742929] cloud-init[645]: +----[SHA256]-----+
[[0;32m  OK  [0m[   11.854470] cloud-init[645]: Generating public/private ecdsa key pair.
[   11.854929] cloud-init[645]: Your identification has been saved in /etc/ssh/ssh_host_ecdsa_key.
] Reached target Network is Online.
[   11.855685] cloud-init[645]: Your public key has been saved in /etc/ssh/ssh_host_ecdsa_key.pub.
         [   11.914705] cloud-init[645]: The key fingerprint is:
[   11.915004] cloud-init[645]: SHA256:rQlEPTez2CeyZbBwndIfYBd3xWjCeZgET01G267Qo3o root@ubuntu-bionic
Starting Availability of block devices...
[   11.915507] cloud-init[645]: The key's randomart image is:
[[0;32m  OK  [0m[   11.920073] cloud-init[645]: +---[ECDSA 256]---+
[   11.920492] cloud-init] [645]: Reached target Remote File Systems (Pre).|      .. o+*=O=o+|

[[0;32m  OK  [0m] [   11.923924] cloud-init[645]: |     .. *.B+Bo=+.|
[   11.925141] cloud-init[645]: |      .o O =.=. .|
Reached target Remote File Systems.
[   11.925710] cloud-init[645]: |     .  +.* o. . |
[[   11.938312] cloud-init[645]: |      . S=.o. o .|
[   11.938448] cloud-init[645]: |       ..o   o o |
[   11.939866] cloud-init[645]: |        o   . .  |
[   11.940322] cloud-init[645]: |           .E    |
[   11.941101] cloud-init[645]: |          ..     |
[0;32m  OK  [0m[   11.942374] ] cloud-initReached target Cloud-config availability.[645]: 
+----[SHA256]-----+
[[   11.951081] cloud-init[645]: Generating public/private ed25519 key pair.
[   11.951792] cloud-init[645]: Your identification has been saved in /etc/ssh/ssh_host_ed25519_key.
[   11.952693] cloud-init[645]: Your public key has been saved in /etc/ssh/ssh_host_ed25519_key.pub.
[   11.953601] cloud-init[645]: The key fingerprint is:
[0;32m  OK  [0m] Reached target System Initialization.
[   11.954138] cloud-init[645]: SHA256:92x5ceqNU3ldkur9HdRPniWv/FGLiI1AYiyQUoW8+xI root@ubuntu-bionic
[[   11.970451] cloud-init[645]: The key's randomart image is:
[   11.970758] cloud-init[645]: +--[ED25519 256]--+
[   11.972878] cloud-init[645]: | +oo.            |
[   11.973242] cloud-init[645]: |..+ .            |
[   11.973982] cloud-init[645]: |.  o + .       . |
[   11.975028] cloud-init[645]: |  . o o       o o|
[   11.975122] cloud-init[645]: |   .   .S .  .ooX|
[   11.975196] cloud-init[645]: |  E     ..+oo.oXX|
[0;32m  OK  [0m] Listening on Open-iSCSI iscsid Socket.
[   11.975671] cloud-init[645]: |   o     o +=oo*=|
[   11.987181] cloud-init[645]: |  . .      ..+o++|
[[0;32m  OK  [0m] Started Daily apt download activities.
[   12.000205] cloud-init[645]: |   .          =+=|
[   12.002347] cloud-init[645]: +----[SHA256]-----+
         Starting Socket activation for snappy daemon.
[[0;32m  OK  [0m] Listening on UUID daemon activation socket.
[[0;32m  OK  [0m] Listening on D-Bus System Message Bus Socket.
[[0;32m  OK  [0m] Started Discard unused blocks once a week.
[[0;32m  OK  [0m] Started ACPI Events Check.
[[0;32m  OK  [0m] Started Message of the Day.
[[0;32m  OK  [0m] Reached target Paths.
[[0;32m  OK  [0m] Started Daily apt upgrade and clean activities.
         Starting LXD - unix socket.
[[0;32m  OK  [0m] Started Daily Cleanup of Temporary Directories.
[[0;32m  OK  [0m] Reached target Timers.
[[0;32m  OK  [0m] Listening on ACPID Listen Socket.
[[0;32m  OK  [0m] Started Availability of block devices.
[[0;32m  OK  [0m] Listening on Socket activation for snappy daemon.
[[0;32m  OK  [0m] Listening on LXD - unix socket.
[[0;32m  OK  [0m] Reached target Sockets.
[[0;32m  OK  [0m] Reached target Basic System.
[[0;32m  OK  [0m] Started D-Bus System Message Bus.
         Starting Permit User Sessions...
         Starting Virtualbox guest utils...
[[0;32m  OK  [0m] Started Unattended Upgrades Shutdown.
         Starting LSB: automatic crash report generation...
[[0;32m  OK  [0m] Started irqbalance daemon.
         Starting Login Service...
         Starting Accounts Service...
         Starting LXD - container startup/shutdown...
[[0;32m  OK  [0m] Started FUSE filesystem for LXC.
         Starting LSB: Record successful boot for GRUB...
[[0;32m  OK  [0m] Started Deferred execution scheduler.
         Starting System Logging Service...
[[0;32m  OK  [0m] Started Regular background program processing daemon.
         Starting Pollinate to seed the pseudo random number generator...
         Starting Dispatcher daemon for systemd-networkd...
         Starting Snappy daemon...
[[0;32m  OK  [0m] Started System Logging Service.
[[0;32m  OK  [0m] Started Permit User Sessions.
[[0;32m  OK  [0m] Started Login Service.
[[0;32m  OK  [0m] Started LXD - container startup/shutdown.
         Starting Authorization Manager...
         Starting Hold until boot process finishes up...
         Starting Terminate Plymouth Boot Screen...
[[0;32m  OK  [0m] Started Hold until boot process finishes up.
[[0;32m  OK  [0m] Started Serial Getty on ttyS0.
         Starting Set console scheme...
[[0;32m  OK  [0m] Started Terminate Plymouth Boot Screen.
[[0;32m  OK  [0m] Started LSB: automatic crash report generation.
[[0;32m  OK  [0m] Started LSB: Record successful boot for GRUB.
[[0;32m  OK  [0m] Started Set console scheme.
[[0;32m  OK  [0m] Created slice system-getty.slice.
[[0;32m  OK  [0m] Started Getty on tty1.
[[0;32m  OK  [0m] Reached target Login Prompts.
[[0;32m  OK  [0m] Started Authorization Manager.
[[0;32m  OK  [0m] Started Accounts Service.
[[0;32m  OK  [0m] Started Snappy daemon.
         Starting Wait until snapd is fully seeded...
[[0;32m  OK  [0m] Started Virtualbox guest utils.
[[0;32m  OK  [0m] Started Dispatcher daemon for systemd-networkd.
[[0;32m  OK  [0m] Started Pollinate to seed the pseudo random number generator.
         Starting OpenBSD Secure Shell server...
[[0;32m  OK  [0m] Started OpenBSD Secure Shell server.
[[0;32m  OK  [0m] Created slice User Slice of vagrant.
         Starting User Manager for UID 1000...
[[0;32m  OK  [0m] Started Session 1 of user vagrant.
[[0;32m  OK  [0m] Started User Manager for UID 1000.
[[0;32m  OK  [0m] Started Wait until snapd is fully seeded.
         Starting Apply the settings specified in cloud-config...
[[0;32m  OK  [0m] Reached target Multi-User System.
[[0;32m  OK  [0m] Reached target Graphical Interface.
         Starting Update UTMP about System Runlevel Changes...
[[0;32m  OK  [0m] Started Update UTMP about System Runlevel Changes.
[   17.263396] cloud-init[1244]: Cloud-init v. 18.4-0ubuntu1~18.04.1 running 'modules:config' at Thu, 06 Dec 2018 22:40:19 +0000. Up 16.72 seconds.
[[0;32m  OK  [0m] Started Apply the settings specified in cloud-config.
         Starting Execute cloud user/final scripts...
         Stopping User Manager for UID 1000...
ci-info: no authorized ssh keys fingerprints found for user ubuntu.
<14>Dec  6 22:40:20 ec2: 
<14>Dec  6 22:40:20 ec2: #############################################################
<14>Dec  6 22:40:20 ec2: -----BEGIN SSH HOST KEY FINGERPRINTS-----
<14>Dec  6 22:40:20 ec2: 1024 SHA256:fAJu7PZPFvOSBEZrq+/JJF2J5tzcEY5eiOY7MAQlA7Q root@ubuntu-bionic (DSA)
<14>Dec  6 22:40:20 ec2: 256 SHA256:rQlEPTez2CeyZbBwndIfYBd3xWjCeZgET01G267Qo3o root@ubuntu-bionic (ECDSA)
<14>Dec  6 22:40:20 ec2: 256 SHA256:92x5ceqNU3ldkur9HdRPniWv/FGLiI1AYiyQUoW8+xI root@ubuntu-bionic (ED25519)
<14>Dec  6 22:40:20 ec2: 2048 SHA256:dWP09OXqV3wcXN5QeZzmx1HIDO3ctefq2pdEqDl94B0 root@ubuntu-bionic (RSA)
<14>Dec  6 22:40:20 ec2: -----END SSH HOST KEY FINGERPRINTS-----
<14>Dec  6 22:40:20 ec2: #############################################################
-----BEGIN SSH HOST KEY KEYS-----
ecdsa-sha2-nistp256 AAAAE2VjZHNhLXNoYTItbmlzdHAyNTYAAAAIbmlzdHAyNTYAAABBBEmn/xC0NUAneZ8FjBXijpwVJIMHqU7D5f4TaOeMHi2KUBq1AXO5aONaSMn0YDuSrOk2Ix/XvRa78giQossst8A= root@ubuntu-bionic
ssh-ed25519 AAAAC3NzaC1lZDI1NTE5AAAAIKSi2XAG0Ukv2KUusXEClG/LvUaCA2KYDkiB28ecyfN1 root@ubuntu-bionic
ssh-rsa AAAAB3NzaC1yc2EAAAADAQABAAABAQDB/oUPpA3S7zE3R3PE/q0fEMDhojVFEpDShaS8Wd14HbFv8hDME7C8LRCfPMQhjprIHK6GmJbTWbJM5yULjlmV77gn9xWDNpsbjEcKp29H74+nFWFqiEyefTNS9u4hOPjQeaYnyAW73CIOxQFpPlo/NaIRXWltsxklWB0+X5GspyYckV/YvJWkojvV85nRMRLWRXE+adQdfBAjS6JyI3YH/rOjfrCL5Fuyxna/dN8TRLjHQBp0jKoIHJYxcWSI8WISq+gC4VsvU+PZmXc4V68E1YnCFUNfm3kjDYQTUxELOzJBKgf1XeG6Bi8KItH7EvXH34FGo7fl3oqFUAx/GxkR root@ubuntu-bionic
-----END SSH HOST KEY KEYS-----
[   18.139923] cloud-init[1360]: Cloud-init v. 18.4-0ubuntu1~18.04.1 running 'modules:final' at Thu, 06 Dec 2018 22:40:20 +0000. Up 17.91 seconds.
[   18.145772] cloud-init[1360]: ci-info: no authorized ssh keys fingerprints found for user ubuntu.
[   18.145842] cloud-init[1360]: Cloud-init v. 18.4-0ubuntu1~18.04.1 finished at Thu, 06 Dec 2018 22:40:20 +0000. Datasource DataSourceNoCloud [seed=/dev/sdb][dsmode=net].  Up 18.11 seconds

Ubuntu 18.04.1 LTS ubuntu-bionic ttyS0

ubuntu-bionic login: [[0;32m  OK  [0m] Closed Load/Save RF Kill Switch Status /dev/rfkill Watch.
         Stopping Session 6 of user vagrant.
[[0;32m  OK  [0m] Stopped target Graphical Interface.
         Stopping Accounts Service...
[[0;32m  OK  [0m] Stopped target Host and Network Name Lookups.
         Stopping Availability of           Stopping LSB: Record successful boot for GRUB...
[[0;32m  OK  [0m] Stopped irqbalance daemon.
[[0;32m  OK  [0m] Stopped Accounts Service.
[[0;32m  OK  [0m] Stopped Deferred execution scheduler.
[[0;32m  OK  [0m] Stopped System Logging Service.
[[0;32m  OK  [0m] Stopped Regular background program processing daemon.
[[0;32m  OK  [0m] Stopped Dispatcher daemon for systemd-networkd.
[[0;32m  OK  [0m] Stopped Snappy daemon.
[[0;32m  OK  [0m] Stopped Authorization Manager.
[[0;32m  OK  [0m] Stopped Serial Getty on ttyS0.
[[0;32m  OK  [0m] Stopped Getty on tty1.
[[0;32m  OK  [0m] Stopped OpenBSD Secure Shell server.
[[0;32m  OK  [0m] Stopped User Manager for UID 1000.
[[0;32m  OK  [0m] Stopped Availability of block devices.
[[0;32m  OK  [0m] Stopped D-Bus System Message Bus.
[[0;32m  OK  [0m] Stopped FUSE filesystem for LXC.
[[0;32m  OK  [0m] Stopped Session 3 of user vagrant.
[[0;32m  OK  [0m] Stopped Unattended Upgrades Shutdown.
[[0;32m  OK  [0m] Stopped Session 6 of user vagrant.
[[0;32m  OK  [0m] Removed slice User Slice of vagrant.
         Stopping Login Service...
[[0;32m  OK  [0m] Removed slice system-getty.slice.
         Stopping Permit User Sessions...
[[0;32m  OK  [0m] Removed slice system-serial\x2dgetty.slice.
[[0;32m  OK  [0m] Stopped LXD - container startup/shutdown.
[[0;32m  OK  [0m] Stopped Login Service.
[[0;32m  OK  [0m] Stopped Virtualbox guest utils.
[[0;32m  OK  [0m] Stopped LSB: Record successful boot for GRUB.
[[0;32m  OK  [0m] Stopped LSB: automatic crash report generation.
[[0;32m  OK  [0m] Stopped Permit User Sessions.
[[0;32m  OK  [0m] Stopped target Network.
         Stopping Network Name Resolution...
[[0;32m  OK  [0m] Stopped target Remote File Systems.
[[0;32m  OK  [0m] Stopped target Remote File Systems (Pre).
[[0;32m  OK  [0m] Stopped target User and Group Name Lookups.
[[0;32m  OK  [0m] Stopped target Basic System.
[[0;32m  OK  [0m] Stopped target Paths.
[[0;32m  OK  [0m] Stopped ACPI Events Check.
[[0;32m  OK  [0m] Stopped target Slices.
[[0;32m  OK  [0m] Removed slice User and Session Slice.
[[0;32m  OK  [0m] Stopped target Sockets.
[[0;32m  OK  [0m] Closed Socket activation for snappy daemon.
[[0;32m  OK  [0m] Closed Open-iSCSI iscsid Socket.
[[0;32m  OK  [0m] Closed Syslog Socket.
[[0;32m  OK  [0m] Closed D-Bus System Message Bus Socket.
[[0;32m  OK  [0m] Closed UUID daemon activation socket.
[[0;32m  OK  [0m] Closed ACPID Listen Socket.
[[0;32m  OK  [0m] Closed LXD - unix socket.
[[0;32m  OK  [0m] Stopped target System Initialization.
[[0;32m  OK  [0m] Stopped target Local Encrypted Volumes.
[[0;32m  OK  [0m] Stopped Dispatch Password Requests to Console Directory Watch.
[[0;32m  OK  [0m] Stopped Forward Password Requests to Wall Directory Watch.
         Stopping Load/Save Random Seed...
[[0;32m  OK  [0m] Stopped Initial cloud-init job (metadata service crawler).
[[0;32m  OK  [0m] Stopped Wait for Network to be Configured.
         Stopping Update UTMP about System Boot/Shutdown...
[[0;32m  OK  [0m] Stopped Commit a transient machine-id on disk.
[[0;32m  OK  [0m] Stopped Network Name Resolution.
[[0;32m  OK  [0m] Stopped Load/Save Random Seed.
         Stopping Network Service...
[[0;32m  OK  [0m] Stopped Update UTMP about System Boot/Shutdown.
[[0;32m  OK  [0m] Stopped Create Volatile Files and Directories.
[[0;32m  OK  [0m] Stopped target Local File Systems.
         Unmounting /run/user/1000...
         Unmounting /vagrant...
[[0;32m  OK  [0m] Stopped Network Service.
[[0;32m  OK  [0m] Stopped target Network (Pre).
[[0;32m  OK  [0m] Stopped Initial cloud-init job (pre-networking).
[[0;32m  OK  [0m] Stopped Apply Kernel Variables.
[[0;32m  OK  [0m] Stopped Load Kernel Modules.
[[0;32m  OK  [0m] Unmounted /run/user/1000.
[[0;32m  OK  [0m] Stopped target Swap.
[[0;32m  OK  [0m] Unmounted /vagrant.
[[0;32m  OK  [0m] Reached target Unmount All Filesystems.
[[0;32m  OK  [0m] Stopped target Local File Systems (Pre).
[[0;32m  OK  [0m] Stopped Create Static Device Nodes in /dev.
[[0;32m  OK  [0m] Stopped Remount Root and Kernel File Systems.
[[0;32m  OK  [0m] Reached target Shutdown.
[[0;32m  OK  [0m] Reached target Final Step.
         Starting Power-Off...
         Stopping Monitoring of LVM2 mirrors…ng dmeventd or progress polling...
[   95.764174] reboot: Power down
