[    0.000000] Linux version 4.15.0-96-generic (buildd@lgw01-amd64-004) (gcc version 7.5.0 (Ubuntu 7.5.0-3ubuntu1~18.04)) #97-Ubuntu SMP Wed Apr 1 03:25:46 UTC 2020 (Ubuntu 4.15.0-96.97-generic 4.15.18)
[    0.000000] Command line: BOOT_IMAGE=/boot/vmlinuz-4.15.0-96-generic root=LABEL=cloudimg-rootfs ro console=tty1 console=ttyS0
[    0.000000] KERNEL supported cpus:
[    0.000000]   Intel GenuineIntel
[    0.000000]   AMD AuthenticAMD
[    0.000000]   Centaur CentaurHauls
[    0.000000] x86/fpu: Supporting XSAVE feature 0x001: 'x87 floating point registers'
[    0.000000] x86/fpu: Supporting XSAVE feature 0x002: 'SSE registers'
[    0.000000] x86/fpu: Supporting XSAVE feature 0x004: 'AVX registers'
[    0.000000] x86/fpu: xstate_offset[2]:  576, xstate_sizes[2]:  256
[    0.000000] x86/fpu: Enabled xstate features 0x7, context size is 832 bytes, using 'standard' format.
[    0.000000] e820: BIOS-provided physical RAM map:
[    0.000000] BIOS-e820: [mem 0x0000000000000000-0x000000000009fbff] usable
[    0.000000] BIOS-e820: [mem 0x000000000009fc00-0x000000000009ffff] reserved
[    0.000000] BIOS-e820: [mem 0x00000000000f0000-0x00000000000fffff] reserved
[    0.000000] BIOS-e820: [mem 0x0000000000100000-0x000000003ffeffff] usable
[    0.000000] BIOS-e820: [mem 0x000000003fff0000-0x000000003fffffff] ACPI data
[    0.000000] BIOS-e820: [mem 0x00000000fec00000-0x00000000fec00fff] reserved
[    0.000000] BIOS-e820: [mem 0x00000000fee00000-0x00000000fee00fff] reserved
[    0.000000] BIOS-e820: [mem 0x00000000fffc0000-0x00000000ffffffff] reserved
[    0.000000] NX (Execute Disable) protection: active
[    0.000000] SMBIOS 2.5 present.
[    0.000000] DMI: innotek GmbH VirtualBox/VirtualBox, BIOS VirtualBox 12/01/2006
[    0.000000] Hypervisor detected: KVM
[    0.000000] e820: last_pfn = 0x3fff0 max_arch_pfn = 0x400000000
[    0.000000] MTRR: Disabled
[    0.000000] x86/PAT: MTRRs disabled, skipping PAT initialization too.
[    0.000000] CPU MTRRs all blank - virtualized system.
[    0.000000] x86/PAT: Configuration [0-7]: WB  WT  UC- UC  WB  WT  UC- UC  
[    0.000000] found SMP MP-table at [mem 0x0009fff0-0x0009ffff]
[    0.000000] Scanning 1 areas for low memory corruption
[    0.000000] RAMDISK: [mem 0x35a6d000-0x36d2dfff]
[    0.000000] ACPI: Early table checksum verification disabled
[    0.000000] ACPI: RSDP 0x00000000000E0000 000024 (v02 VBOX  )
[    0.000000] ACPI: XSDT 0x000000003FFF0030 00003C (v01 VBOX   VBOXXSDT 00000001 ASL  00000061)
[    0.000000] ACPI: FACP 0x000000003FFF00F0 0000F4 (v04 VBOX   VBOXFACP 00000001 ASL  00000061)
[    0.000000] ACPI: DSDT 0x000000003FFF0470 002325 (v02 VBOX   VBOXBIOS 00000002 INTL 20200214)
[    0.000000] ACPI: FACS 0x000000003FFF0200 000040
[    0.000000] ACPI: FACS 0x000000003FFF0200 000040
[    0.000000] ACPI: APIC 0x000000003FFF0240 00005C (v02 VBOX   VBOXAPIC 00000001 ASL  00000061)
[    0.000000] ACPI: SSDT 0x000000003FFF02A0 0001CC (v01 VBOX   VBOXCPUT 00000002 INTL 20200214)
[    0.000000] No NUMA configuration found
[    0.000000] Faking a node at [mem 0x0000000000000000-0x000000003ffeffff]
[    0.000000] NODE_DATA(0) allocated [mem 0x3ffc5000-0x3ffeffff]
[    0.000000] kvm-clock: cpu 0, msr 0:3ff44001, primary cpu clock
[    0.000000] kvm-clock: Using msrs 4b564d01 and 4b564d00
[    0.000000] kvm-clock: using sched offset of 3381891162 cycles
[    0.000000] clocksource: kvm-clock: mask: 0xffffffffffffffff max_cycles: 0x1cd42e4dffb, max_idle_ns: 881590591483 ns
[    0.000000] Zone ranges:
[    0.000000]   DMA      [mem 0x0000000000001000-0x0000000000ffffff]
[    0.000000]   DMA32    [mem 0x0000000001000000-0x000000003ffeffff]
[    0.000000]   Normal   empty
[    0.000000]   Device   empty
[    0.000000] Movable zone start for each node
[    0.000000] Early memory node ranges
[    0.000000]   node   0: [mem 0x0000000000001000-0x000000000009efff]
[    0.000000]   node   0: [mem 0x0000000000100000-0x000000003ffeffff]
[    0.000000] Reserved but unavailable: 98 pages
[    0.000000] Initmem setup node 0 [mem 0x0000000000001000-0x000000003ffeffff]
[    0.000000] ACPI: PM-Timer IO Port: 0x4008
[    0.000000] IOAPIC[0]: apic_id 2, version 32, address 0xfec00000, GSI 0-23
[    0.000000] ACPI: INT_SRC_OVR (bus 0 bus_irq 0 global_irq 2 dfl dfl)
[    0.000000] ACPI: INT_SRC_OVR (bus 0 bus_irq 9 global_irq 9 low level)
[    0.000000] Using ACPI (MADT) for SMP configuration information
[    0.000000] smpboot: Allowing 2 CPUs, 0 hotplug CPUs
[    0.000000] PM: Registered nosave memory: [mem 0x00000000-0x00000fff]
[    0.000000] PM: Registered nosave memory: [mem 0x0009f000-0x0009ffff]
[    0.000000] PM: Registered nosave memory: [mem 0x000a0000-0x000effff]
[    0.000000] PM: Registered nosave memory: [mem 0x000f0000-0x000fffff]
[    0.000000] e820: [mem 0x40000000-0xfebfffff] available for PCI devices
[    0.000000] Booting paravirtualized kernel on KVM
[    0.000000] clocksource: refined-jiffies: mask: 0xffffffff max_cycles: 0xffffffff, max_idle_ns: 7645519600211568 ns
[    0.000000] random: get_random_bytes called from start_kernel+0x99/0x4fd with crng_init=0
[    0.000000] setup_percpu: NR_CPUS:8192 nr_cpumask_bits:2 nr_cpu_ids:2 nr_node_ids:1
[    0.000000] percpu: Embedded 45 pages/cpu s147456 r8192 d28672 u1048576
[    0.000000] PV qspinlock hash table entries: 256 (order: 0, 4096 bytes)
[    0.000000] Built 1 zonelists, mobility grouping on.  Total pages: 257913
[    0.000000] Policy zone: DMA32
[    0.000000] Kernel command line: BOOT_IMAGE=/boot/vmlinuz-4.15.0-96-generic root=LABEL=cloudimg-rootfs ro console=tty1 console=ttyS0
[    0.000000] Memory: 983064K/1048120K available (12300K kernel code, 2481K rwdata, 4264K rodata, 2432K init, 2712K bss, 65056K reserved, 0K cma-reserved)
[    0.000000] SLUB: HWalign=64, Order=0-3, MinObjects=0, CPUs=2, Nodes=1
[    0.000000] Kernel/User page tables isolation: enabled
[    0.000000] ftrace: allocating 39351 entries in 154 pages
[    0.004000] Hierarchical RCU implementation.
[    0.004000] 	RCU restricting CPUs from NR_CPUS=8192 to nr_cpu_ids=2.
[    0.004000] 	Tasks RCU enabled.
[    0.004000] RCU: Adjusting geometry for rcu_fanout_leaf=16, nr_cpu_ids=2
[    0.004000] NR_IRQS: 524544, nr_irqs: 440, preallocated irqs: 16
[    0.004000] Console: colour VGA+ 80x25
[    0.004000] console [tty1] enabled
[    0.004000] console [ttyS0] enabled
[    0.004000] ACPI: Core revision 20170831
[    0.004000] ACPI: 2 ACPI AML tables successfully acquired and loaded
[    0.004000] APIC: Switch to symmetric I/O mode setup
[    0.004000] x2apic enabled
[    0.004000] Switched APIC routing to physical x2apic.
[    0.004000] ..TIMER: vector=0x30 apic1=0 pin1=2 apic2=-1 pin2=-1
[    0.004006] tsc: Detected 2594.096 MHz processor
[    0.005016] Calibrating delay loop (skipped) preset value.. 5188.19 BogoMIPS (lpj=10376384)
[    0.005923] pid_max: default: 32768 minimum: 301
[    0.008042] Security Framework initialized
[    0.008958] Yama: becoming mindful.
[    0.009810] AppArmor: AppArmor initialized
[    0.012760] Dentry cache hash table entries: 131072 (order: 8, 1048576 bytes)
[    0.014475] Inode-cache hash table entries: 65536 (order: 7, 524288 bytes)
[    0.016023] Mount-cache hash table entries: 2048 (order: 2, 16384 bytes)
[    0.017513] Mountpoint-cache hash table entries: 2048 (order: 2, 16384 bytes)
[    0.019387] Last level iTLB entries: 4KB 512, 2MB 8, 4MB 8
[    0.020005] Last level dTLB entries: 4KB 512, 2MB 32, 4MB 32, 1GB 0
[    0.021381] Spectre V1 : Mitigation: usercopy/swapgs barriers and __user pointer sanitization
[    0.024005] Spectre V2 : Mitigation: Full generic retpoline
[    0.025249] Spectre V2 : Spectre v2 / SpectreRSB mitigation: Filling RSB on context switch
[    0.027081] Speculative Store Bypass: Vulnerable
[    0.028059] MDS: Mitigation: Clear CPU buffers
[    0.029220] Freeing SMP alternatives memory: 36K
[    0.140372] smpboot: CPU0: Intel(R) Core(TM) i5-3320M CPU @ 2.60GHz (family: 0x6, model: 0x3a, stepping: 0x9)
[    0.142796] Performance Events: unsupported p6 CPU model 58 no PMU driver, software events only.
[    0.144067] Hierarchical SRCU implementation.
[    0.145718] NMI watchdog: Perf event create on CPU 0 failed with -2
[    0.147088] NMI watchdog: Perf NMI watchdog permanently disabled
[    0.148077] smp: Bringing up secondary CPUs ...
[    0.149194] x86: Booting SMP configuration:
[    0.150157] .... node  #0, CPUs:      #1
[    0.004000] kvm-clock: cpu 1, msr 0:3ff44041, secondary cpu clock
[    0.155132] smp: Brought up 1 node, 2 CPUs
[    0.156008] smpboot: Max logical packages: 1
[    0.157250] smpboot: Total of 2 processors activated (10376.38 BogoMIPS)
[    0.159360] devtmpfs: initialized
[    0.160060] x86/mm: Memory block size: 128MB
[    0.161165] evm: security.selinux
[    0.161937] evm: security.SMACK64
[    0.162705] evm: security.SMACK64EXEC
[    0.164009] evm: security.SMACK64TRANSMUTE
[    0.165249] evm: security.SMACK64MMAP
[    0.166320] evm: security.apparmor
[    0.168005] evm: security.ima
[    0.168954] evm: security.capability
[    0.170151] clocksource: jiffies: mask: 0xffffffff max_cycles: 0xffffffff, max_idle_ns: 7645041785100000 ns
[    0.172025] futex hash table entries: 512 (order: 3, 32768 bytes)
[    0.176033] pinctrl core: initialized pinctrl subsystem
[    0.177345] RTC time: 19:02:00, date: 05/06/20
[    0.178737] NET: Registered protocol family 16
[    0.180000] audit: initializing netlink subsys (disabled)
[    0.180062] audit: type=2000 audit(1588791725.497:1): state=initialized audit_enabled=0 res=1
[    0.188010] cpuidle: using governor ladder
[    0.188731] cpuidle: using governor menu
[    0.189467] ACPI: bus type PCI registered
[    0.190197] acpiphp: ACPI Hot Plug PCI Controller Driver version: 0.5
[    0.192020] PCI: Using configuration type 1 for base access
[    0.193331] HugeTLB registered 2.00 MiB page size, pre-allocated 0 pages
[    0.196143] ACPI: Added _OSI(Module Device)
[    0.196943] ACPI: Added _OSI(Processor Device)
[    0.197822] ACPI: Added _OSI(3.0 _SCP Extensions)
[    0.198774] ACPI: Added _OSI(Processor Aggregator Device)
[    0.200007] ACPI: Added _OSI(Linux-Dell-Video)
[    0.200777] ACPI: Added _OSI(Linux-Lenovo-NV-HDMI-Audio)
[    0.201712] ACPI: Added _OSI(Linux-HPI-Hybrid-Graphics)
[    0.202914] ACPI: Executed 1 blocks of module-level executable AML code
[    0.207476] ACPI: Interpreter enabled
[    0.208017] ACPI: (supports S0 S5)
[    0.208613] ACPI: Using IOAPIC for interrupt routing
[    0.209716] PCI: Using host bridge windows from ACPI; if necessary, use "pci=nocrs" and report a bug
[    0.211445] ACPI: Enabled 2 GPEs in block 00 to 07
[    0.219232] ACPI: PCI Root Bridge [PCI0] (domain 0000 [bus 00-ff])
[    0.220009] acpi PNP0A03:00: _OSC: OS supports [ASPM ClockPM Segments MSI]
[    0.221680] acpi PNP0A03:00: _OSC: not requesting OS control; OS requires [ExtendedConfig ASPM ClockPM MSI]
[    0.223362] acpi PNP0A03:00: fail to add MMCONFIG information, can't access extended PCI configuration space under this bridge.
[    0.224420] PCI host bridge to bus 0000:00
[    0.225127] pci_bus 0000:00: root bus resource [io  0x0000-0x0cf7 window]
[    0.226272] pci_bus 0000:00: root bus resource [io  0x0d00-0xffff window]
[    0.228005] pci_bus 0000:00: root bus resource [mem 0x000a0000-0x000bffff window]
[    0.229251] pci_bus 0000:00: root bus resource [mem 0x40000000-0xfdffffff window]
[    0.230634] pci_bus 0000:00: root bus resource [bus 00-ff]
[    0.233838] pci 0000:00:01.1: legacy IDE quirk: reg 0x10: [io  0x01f0-0x01f7]
[    0.235040] pci 0000:00:01.1: legacy IDE quirk: reg 0x14: [io  0x03f6]
[    0.236004] pci 0000:00:01.1: legacy IDE quirk: reg 0x18: [io  0x0170-0x0177]
[    0.237150] pci 0000:00:01.1: legacy IDE quirk: reg 0x1c: [io  0x0376]
[    0.257823] pci 0000:00:07.0: quirk: [io  0x4000-0x403f] claimed by PIIX4 ACPI
[    0.260000] pci 0000:00:07.0: quirk: [io  0x4100-0x410f] claimed by PIIX4 SMB
[    0.276439] ACPI: PCI Interrupt Link [LNKA] (IRQs 5 9 10 *11)
[    0.279167] ACPI: PCI Interrupt Link [LNKB] (IRQs 5 9 *10 11)
[    0.280293] ACPI: PCI Interrupt Link [LNKC] (IRQs 5 *9 10 11)
[    0.282364] ACPI: PCI Interrupt Link [LNKD] (IRQs 5 9 10 *11)
[    0.284917] SCSI subsystem initialized
[    0.286181] pci 0000:00:02.0: vgaarb: setting as boot VGA device
[    0.286181] pci 0000:00:02.0: vgaarb: VGA device added: decodes=io+mem,owns=io+mem,locks=none
[    0.288020] pci 0000:00:02.0: vgaarb: bridge control possible
[    0.292004] vgaarb: loaded
[    0.292760] ACPI: bus type USB registered
[    0.293774] usbcore: registered new interface driver usbfs
[    0.295097] usbcore: registered new interface driver hub
[    0.296036] usbcore: registered new device driver usb
[    0.297328] EDAC MC: Ver: 3.0.0
[    0.297328] PCI: Using ACPI for IRQ routing
[    0.300418] NetLabel: Initializing
[    0.301282] NetLabel:  domain hash size = 128
[    0.302353] NetLabel:  protocols = UNLABELED CIPSOv4 CALIPSO
[    0.304029] NetLabel:  unlabeled traffic allowed by default
[    0.305366] clocksource: Switched to clocksource kvm-clock
[    0.323377] VFS: Disk quotas dquot_6.6.0
[    0.324638] VFS: Dquot-cache hash table entries: 512 (order 0, 4096 bytes)
[    0.326496] AppArmor: AppArmor Filesystem Enabled
[    0.327682] pnp: PnP ACPI init
[    0.330138] pnp: PnP ACPI: found 3 devices
[    0.341407] clocksource: acpi_pm: mask: 0xffffff max_cycles: 0xffffff, max_idle_ns: 2085701024 ns
[    0.343700] NET: Registered protocol family 2
[    0.345107] TCP established hash table entries: 8192 (order: 4, 65536 bytes)
[    0.346743] TCP bind hash table entries: 8192 (order: 5, 131072 bytes)
[    0.349009] TCP: Hash tables configured (established 8192 bind 8192)
[    0.350536] UDP hash table entries: 512 (order: 2, 16384 bytes)
[    0.352027] UDP-Lite hash table entries: 512 (order: 2, 16384 bytes)
[    0.353615] NET: Registered protocol family 1
[    0.354690] pci 0000:00:00.0: Limiting direct PCI/PCI transfers
[    0.356126] pci 0000:00:01.0: Activating ISA DMA hang workarounds
[    0.357615] pci 0000:00:02.0: Video device with shadowed ROM at [mem 0x000c0000-0x000dffff]
[    0.359763] Unpacking initramfs...
[    0.616265] Freeing initrd memory: 19204K
[    0.617312] clocksource: tsc: mask: 0xffffffffffffffff max_cycles: 0x2564731a9ee, max_idle_ns: 440795300093 ns
[    0.619502] platform rtc_cmos: registered platform RTC device (no PNP device found)
[    0.621243] Scanning for low memory corruption every 60 seconds
[    0.623362] Initialise system trusted keyrings
[    0.624407] Key type blacklist registered
[    0.625410] workingset: timestamp_bits=36 max_order=18 bucket_order=0
[    0.627725] zbud: loaded
[    0.628954] squashfs: version 4.0 (2009/01/31) Phillip Lougher
[    0.630516] fuse init (API version 7.26)
[    0.634348] Key type asymmetric registered
[    0.635366] Asymmetric key parser 'x509' registered
[    0.636381] Block layer SCSI generic (bsg) driver version 0.4 loaded (major 246)
[    0.638089] io scheduler noop registered
[    0.638979] io scheduler deadline registered
[    0.640009] io scheduler cfq registered (default)
[    0.641430] ACPI: AC Adapter [AC] (off-line)
[    0.642432] input: Power Button as /devices/LNXSYSTM:00/LNXPWRBN:00/input/input0
[    0.644120] ACPI: Power Button [PWRF]
[    0.645063] input: Sleep Button as /devices/LNXSYSTM:00/LNXSLPBN:00/input/input1
[    0.646809] ACPI: Sleep Button [SLPF]
[    0.648741] ACPI: Battery Slot [BAT0] (battery present)
[    0.649877] Serial: 8250/16550 driver, 32 ports, IRQ sharing enabled
[    0.671716] 00:02: ttyS0 at I/O 0x3f8 (irq = 4, base_baud = 115200) is a 16550A
[    0.678105] Linux agpgart interface v0.103
[    0.683905] loop: module loaded
[    0.685933] scsi host0: ata_piix
[    0.686813] scsi host1: ata_piix
[    0.687446] ata1: PATA max UDMA/33 cmd 0x1f0 ctl 0x3f6 bmdma 0xd000 irq 14
[    0.689026] ata2: PATA max UDMA/33 cmd 0x170 ctl 0x376 bmdma 0xd008 irq 15
[    0.690335] libphy: Fixed MDIO Bus: probed
[    0.691277] tun: Universal TUN/TAP device driver, 1.6
[    0.692565] PPP generic driver version 2.4.2
[    0.693670] ehci_hcd: USB 2.0 'Enhanced' Host Controller (EHCI) Driver
[    0.695080] ehci-pci: EHCI PCI platform driver
[    0.696091] ehci-platform: EHCI generic platform driver
[    0.697261] ohci_hcd: USB 1.1 'Open' Host Controller (OHCI) Driver
[    0.698661] ohci-pci: OHCI PCI platform driver
[    0.699420] ohci-platform: OHCI generic platform driver
[    0.700327] uhci_hcd: USB Universal Host Controller Interface driver
[    0.701477] i8042: PNP: PS/2 Controller [PNP0303:PS2K,PNP0f03:PS2M] at 0x60,0x64 irq 1,12
[    0.703344] serio: i8042 KBD port at 0x60,0x64 irq 1
[    0.704255] serio: i8042 AUX port at 0x60,0x64 irq 12
[    0.705315] mousedev: PS/2 mouse device common for all mice
[    0.706931] input: AT Translated Set 2 keyboard as /devices/platform/i8042/serio0/input/input2
[    0.708173] rtc_cmos rtc_cmos: rtc core: registered rtc_cmos as rtc0
[    0.709755] rtc_cmos rtc_cmos: alarms up to one day, 114 bytes nvram
[    0.710848] i2c /dev entries driver
[    0.711571] device-mapper: uevent: version 1.0.3
[    0.712510] device-mapper: ioctl: 4.37.0-ioctl (2017-09-20) initialised: dm-devel@redhat.com
[    0.713985] ledtrig-cpu: registered to indicate activity on CPUs
[    0.715544] NET: Registered protocol family 10
[    0.720587] Segment Routing with IPv6
[    0.721336] NET: Registered protocol family 17
[    0.722207] Key type dns_resolver registered
[    0.723172] mce: Using 0 MCE banks
[    0.723778] RAS: Correctable Errors collector initialized.
[    0.724860] sched_clock: Marking stable (724835287, 0)->(919495604, -194660317)
[    0.726497] registered taskstats version 1
[    0.727226] Loading compiled-in X.509 certificates
[    0.730796] Loaded X.509 cert 'Build time autogenerated kernel key: 244b473b43e18b01f00e37a87f2ecd28620f0244'
[    0.732553] zswap: loaded using pool lzo/zbud
[    0.737517] Key type big_key registered
[    0.738218] Key type trusted registered
[    0.740758] Key type encrypted registered
[    0.741578] AppArmor: AppArmor sha1 policy hashing enabled
[    0.742494] ima: No TPM chip found, activating TPM-bypass! (rc=-19)
[    0.743571] ima: Allocated hash algorithm: sha1
[    0.744399] evm: HMAC attrs: 0x1
[    0.745250]   Magic number: 4:421:40
[    0.745960] bdi 7:5: hash matches
[    0.746654] rtc_cmos rtc_cmos: setting system clock to 2020-05-06 19:02:01 UTC (1588791721)
[    0.748434] BIOS EDD facility v0.16 2004-Jun-25, 0 devices found
[    0.749429] EDD information not available.
[    0.875726] Freeing unused kernel image memory: 2432K
[    0.888196] Write protecting the kernel read-only data: 20480k
[    0.891243] Freeing unused kernel image memory: 2008K
[    0.893288] Freeing unused kernel image memory: 1880K
[    0.904086] x86/mm: Checked W+X mappings: passed, no W+X pages found.
[    0.905331] x86/mm: Checking user space page tables
[    0.912775] x86/mm: Checked W+X mappings: passed, no W+X pages found.
Loading, please wait...
starting version 237
[    1.006828] Fusion MPT base driver 3.04.20
[    1.008700] Copyright (c) 1999-2008 LSI Corporation
[    1.034099] Fusion MPT SPI Host driver 3.04.20
[    1.037170] e1000: Intel(R) PRO/1000 Network Driver - version 7.3.21-k8-NAPI
[    1.038793] e1000: Copyright (c) 1999-2006 Intel Corporation.
[    1.047904] mptbase: ioc0: Initiating bringup
[    1.063303] AVX version of gcm_enc/dec engaged.
[    1.065054] AES CTR mode by8 optimization enabled
[    1.246213] ioc0: LSI53C1030 A0: Capabilities={Initiator}
[    1.256404] input: ImExPS/2 Generic Explorer Mouse as /devices/platform/i8042/serio1/input/input4
[    3.635772] scsi host2: ioc0: LSI53C1030 A0, FwRev=00000000h, Ports=1, MaxQ=256, IRQ=20
[    5.447068] scsi 2:0:0:0: Direct-Access     VBOX     HARDDISK         1.0  PQ: 0 ANSI: 5
[    5.708158] scsi target2:0:0: Beginning Domain Validation
[    5.710574] scsi target2:0:0: Domain Validation skipping write tests
[    5.712015] scsi target2:0:0: Ending Domain Validation
[    5.714779] scsi target2:0:0: asynchronous
[    5.717265] scsi 2:0:1:0: Direct-Access     VBOX     HARDDISK         1.0  PQ: 0 ANSI: 5
[    5.829774] scsi target2:0:1: Beginning Domain Validation
[    5.835920] random: fast init done
[    5.837538] scsi target2:0:1: Domain Validation skipping write tests
[    5.839132] scsi target2:0:1: Ending Domain Validation
[    5.839484] e1000 0000:00:03.0 eth0: (PCI:33MHz:32-bit) 02:39:1d:43:44:b0
[    5.840373] random: systemd-udevd: uninitialized urandom read (16 bytes read)
[    5.841970] e1000 0000:00:03.0 eth0: Intel(R) PRO/1000 Network Connection
[    5.843596] random: systemd-udevd: uninitialized urandom read (16 bytes read)
[    5.846835] random: systemd-udevd: uninitialized urandom read (16 bytes read)
[    5.846837] scsi target2:0:1: asynchronous
[    5.853834] sd 2:0:0:0: Attached scsi generic sg0 type 0
[    5.855230] sd 2:0:0:0: [sda] 20971520 512-byte logical blocks: (10.7 GB/10.0 GiB)
[    5.857091] sd 2:0:0:0: [sda] Write Protect is off
[    5.859433] sd 2:0:1:0: Attached scsi generic sg1 type 0
[    5.861091] sd 2:0:0:0: [sda] Incomplete mode parameter data
[    5.862375] sd 2:0:0:0: [sda] Assuming drive cache: write through
[    5.863707] sd 2:0:1:0: [sdb] 20480 512-byte logical blocks: (10.5 MB/10.0 MiB)
[    5.865580] sd 2:0:1:0: [sdb] Write Protect is off
[    5.866930] sd 2:0:1:0: [sdb] Incomplete mode parameter data
[    5.868200] sd 2:0:1:0: [sdb] Assuming drive cache: write through
[    5.879728]  sda: sda1
[    5.907652] sd 2:0:0:0: [sda] Attached SCSI disk
[    5.912146] sd 2:0:1:0: [sdb] Attached SCSI disk
[    6.219900] e1000 0000:00:08.0 eth1: (PCI:33MHz:32-bit) 08:00:27:d3:09:e1
[    6.221238] e1000 0000:00:08.0 eth1: Intel(R) PRO/1000 Network Connection
[    6.223898] e1000 0000:00:08.0 enp0s8: renamed from eth1
[    6.236768] e1000 0000:00:03.0 enp0s3: renamed from eth0
Begin: Loading essential drivers ... [    7.692052] raid6: sse2x1   gen()  9211 MB/s
[    7.740047] raid6: sse2x1   xor()  6702 MB/s
[    7.788087] raid6: sse2x2   gen()  9635 MB/s
[    7.836052] raid6: sse2x2   xor()  5439 MB/s
[    7.884049] raid6: sse2x4   gen() 12918 MB/s
[    7.932047] raid6: sse2x4   xor()  9003 MB/s
[    7.932870] raid6: using algorithm sse2x4 gen() 12918 MB/s
[    7.933783] raid6: .... xor() 9003 MB/s, rmw enabled
[    7.934615] raid6: using ssse3x2 recovery algorithm
[    7.937870] xor: automatically using best checksumming function   avx       
[    7.943389] async_tx: api initialized (async)
done.
Begin: Running /scripts/init-premount ... done.
Begin: Mounting root file system ... Begin: Running /scripts/local-top ... done.
Begin: Running /scripts/local-premount ... [    8.001980] Btrfs loaded, crc32c=crc32c-intel
Scanning for Btrfs filesystems
done.
Warning: fsck not present, so skipping root file system
[    8.081021] EXT4-fs (sda1): mounted filesystem with ordered data mode. Opts: (null)
done.
Begin: Running /scripts/local-bottom ... done.
Begin: Running /scripts/init-bottom ... done.
[    8.351494] ip_tables: (C) 2000-2006 Netfilter Core Team
[    8.369937] systemd[1]: systemd 237 running in system mode. (+PAM +AUDIT +SELINUX +IMA +APPARMOR +SMACK +SYSVINIT +UTMP +LIBCRYPTSETUP +GCRYPT +GNUTLS +ACL +XZ +LZ4 +SECCOMP +BLKID +ELFUTILS +KMOD -IDN2 +IDN -PCRE2 default-hierarchy=hybrid)
[    8.376445] systemd[1]: Detected virtualization oracle.
[    8.377499] systemd[1]: Detected architecture x86-64.

Welcome to [1mUbuntu 18.04.4 LTS[0m!

[    8.384495] systemd[1]: Set hostname to <ubuntu>.
[    8.390005] systemd[1]: Initializing machine ID from random generator.
[    8.391305] systemd[1]: Installed transient /etc/machine-id file.
[    8.734021] systemd[1]: Created slice System Slice.
[[0;32m  OK  [0m] Created slice System Slice.
[    8.736247] systemd[1]: Listening on Journal Socket.
[[0;32m  OK  [0m] Listening on Journal Socket.
[    8.738397] systemd[1]: Created slice system-serial\x2dgetty.slice.
[[0;32m  OK  [0m] Created slice system-serial\x2dgetty.slice.
[    8.740578] systemd[1]: Listening on Journal Socket (/dev/log).
[[0;32m  OK  [0m] Listening on Journal Socket (/dev/log).
         Starting Set the console keyboard layout...
[[0;32m  OK  [0m] Reached target Swap.
[[0;32m  OK  [0m] Created slice User and Session Slice.
[[0;32m  OK  [0m] Reached target Slices.
[[0;32m  OK  [0m] Listening on LVM2 metadata daemon socket.
         Mounting Huge Pages File System...
[[0;32m  OK  [0m] Listening on udev Kernel Socket.
[[0;32m  OK  [0m] Listening on udev Control Socket.
         Starting udev Coldplug all Devices...
[[0;32m  OK  [0m] Set up automount Arbitrary Executab…rmats File System Automount Point.
[[0;32m  OK  [0m] Listening on Network Service Netlink Socket.
[[0;32m  OK  [0m] Reached target User and Group Name Lookups.
[[0;32m  OK  [0m] Listening on Journal Audit Socket.
         Starting Load Kernel Modules...
         Starting Create list of required st…ce nodes for the current kernel...
[[0;32m  OK  [0m] Listening on Syslog Socket.
         Starting Journal Service...
         Mounting Kernel Debug File System...
[[0;32m  OK  [0m] Started Forward Password Requests to Wall Directory Watch.
[[0;32m  OK  [0m] Reached target System Time Synchronized.
         Mounting POSIX Message Queue File System...
         Starting Uncomplicated firewall...
[[0;32m  OK  [0m] Listening on /dev/initctl Compatibility Named Pipe.
[[0;32m  OK  [0m] Listening on Device-mapper event daemon FIFOs.
         Starting Monitoring of LVM2 mirrors…ng dmeventd or progress po[    8.815834] Loading iSCSI transport class v2.0-870.
lling...
[[0;32m  OK  [0m] Listening on LVM2 poll daemon socket.
         Starting Remount Root and Kernel File Systems...
[[0;32m  OK  [0m] Mounted Huge Pages File System.
[[0;32m  OK  [0m] Started Create list of required sta…vice nodes for the current kernel.
[[0;32m  OK  [0m] Mounted Kernel Debug File System.
[[0;32m  OK  [0m] Mounted POSIX Message Queue File System.
[[0;32m  OK  [0m] Started Uncomplicated firewall.
[[0;32m  OK  [0m] Started LVM2 metadata daemon.
[    9.335947] iscsi: registered transport (tcp)
         Starting Create Static Device Nodes in /dev...
[[0;32m  OK  [0m] Started udev Coldplug all Devices.
[[0;32m  OK  [0m] Started Journal Service.
[    9.403026] EXT4-fs (sda1): re-mounted. Opts: (null)
[[0;32m  OK  [0m] Started Create Static Device Nodes in /dev.
[[0;32m  OK  [0m] Started Remount Root and Kernel File Systems.
         Starting Flush Journal to Persistent Storage...
         Starting Load/Save Random Seed...
[    9.433047] iscsi: registered transport (iser)
         Starting udev Kernel Device Manager...
[[0;32m  OK  [0m] Started Load Kernel Modules.
[[0;32m  OK  [0m] Started Set the console keyboard layout.
         Starting Apply Kernel Variables...
         Mounting Kernel Configuration File System...
         Mounting FUSE Control File System...
[[0;32m  OK  [0m] Started Monitoring of LVM2 mirrors,…sing dmeventd or progress polling.
[[0;32m  OK  [0m] Started Load/Save Random Seed.
[[0;32m  OK  [0m] Mounted Kernel Configuration File System.
[[0;32m  OK  [0m] Mounted FUSE Control File System.
[[0;32m  OK  [0m[    9.484314] systemd-journald[403]: Received request to flush runtime journal from PID 1
] Reached target Local File Systems (Pre).
[[0;32m  OK  [0m] Reached target Local File Systems.
         Starting Commit a transient machine-id on disk...
         Starting Tell Plymouth To Write Out Runtime Data...
         Starting AppArmor initialization...
         Starting ebtables ruleset management...
         Starting Set console font and keymap...
[[0;32m  OK  [0m] Started udev Kernel Device Manager.
[[0;32m  OK  [0m] Started Dispatch Password Requests to Console Directory Watch.
[[0;32m  OK  [0m] Reached target Local Encrypted Volumes.
[[0;32m  OK  [0m] Started Tell Plymouth To Write Out Runtime Data.
[[0;32m  OK  [0m] Started Set console font and keymap.
[[0;32m  OK  [0m] Started Apply Kernel Variables.
[[0;32m  OK  [0m] Started Flush Journal to Persistent Storage.
         Starting Create Volatile Files and Directories...
[[0;32m  OK  [0m] Started Commit a transient machine-id on disk.
[[0;32m  OK  [0m] Started Create Volatile Files and Directories.
         Starting Update UTMP about System Boot/Shutdown...
[[0;32m  OK  [0m] Started ebtables ruleset management.
[[0;32m  OK  [0m] Started Update UTMP about System Boot/Shutdown.
[[0;32m  OK  [0m] Found device /dev/ttyS0.
[[0;32m  OK  [0m] Listening on Load/Save RF Kill Switch Status /dev/rfkill Watch.
[[0;32m  OK  [0m] Started AppArmor initialization.
         Starting Initial cloud-init job (pre-networking)...
[   12.454536] cloud-init[555]: Cloud-init v. 19.4-33-gbb4131a2-0ubuntu1~18.04.1 running 'init-local' at Wed, 06 May 2020 19:02:12 +0000. Up 11.92 seconds.
[[0;32m  OK  [0m] Started Initial cloud-init job (pre-networking).
[[0;32m  OK  [0m] Reached target Network (Pre).
         Starting Network Service...
[[0;32m  OK  [0m] Started Network Service.
         Starting Wait for Network to be Configured...
         Starting Network Name Resolution...
[[0;32m  OK  [0m] Started Network Name Resolution.
[[0;32m  OK  [0m] Reached target Host and Network Name Lookups.
[[0;32m  OK  [0m] Reached target Network.
[[0;32m  OK  [0m] Started Wait for Network to be Configured.
         Starting Initial cloud-init job (metadata service crawler)...
[   14.391416] cloud-init[662]: Cloud-init v. 19.4-33-gbb4131a2-0ubuntu1~18.04.1 running 'init' at Wed, 06 May 2020 19:02:14 +0000. Up 14.19 seconds.
[   14.393560] cloud-init[662]: ci-info: ++++++++++++++++++++++++++++++++++++++Net device info+++++++++++++++++++++++++++++++++++++++
[   14.395696] cloud-init[662]: ci-info: +--------+-------+----------------------------+---------------+--------+-------------------+
[   14.397615] cloud-init[662]: ci-info: | Device |   Up  |          Address           |      Mask     | Scope  |     Hw-Address    |
[   14.399649] cloud-init[662]: ci-info: +--------+-------+----------------------------+---------------+--------+-------------------+
[   14.401688] cloud-init[662]: ci-info: | enp0s3 |  True |         10.0.2.15          | 255.255.255.0 | global | 02:39:1d:43:44:b0 |
[   14.412341] cloud-init[662]: ci-info: | enp0s3 |  True | fe80::39:1dff:fe43:44b0/64 |       .       |  link  | 02:39:1d:43:44:b0 |
[   14.414316] cloud-init[662]: ci-info: | enp0s8 | False |             .              |       .       |   .    | 08:00:27:d3:09:e1 |
[   14.416428] cloud-init[662]: ci-info: |   lo   |  True |         127.0.0.1          |   255.0.0.0   |  host  |         .         |
[   14.418430] cloud-init[662]: ci-info: |   lo   |  True |          ::1/128           |       .       |  host  |         .         |
[   14.420495] cloud-init[662]: ci-info: +--------+-------+----------------------------+---------------+--------+-------------------+
[   14.422378] cloud-init[662]: ci-info: ++++++++++++++++++++++++++++Route IPv4 info+++++++++++++++++++++++++++++
[   14.424060] cloud-init[662]: ci-info: +-------+-------------+----------+-----------------+-----------+-------+
[   14.425731] cloud-init[662]: ci-info: | Route | Destination | Gateway  |     Genmask     | Interface | Flags |
[   14.427556] cloud-init[662]: ci-info: +-------+-------------+----------+-----------------+-----------+-------+
[   14.441687] cloud-init[662]: ci-info: |   0   |   0.0.0.0   | 10.0.2.2 |     0.0.0.0     |   enp0s3  |   UG  |
[   14.443960] cloud-init[662]: ci-info: |   1   |   10.0.2.0  | 0.0.0.0  |  255.255.255.0  |   enp0s3  |   U   |
[   14.445942] cloud-init[662]: ci-info: |   2   |   10.0.2.2  | 0.0.0.0  | 255.255.255.255 |   enp0s3  |   UH  |
[   14.447775] cloud-init[662]: ci-info: +-------+-------------+----------+-----------------+-----------+-------+
[   14.460325] cloud-init[662]: ci-info: +++++++++++++++++++Route IPv6 info+++++++++++++++++++
[   14.462141] cloud-init[662]: ci-info: +-------+-------------+---------+-----------+-------+
[   14.464171] cloud-init[662]: ci-info: | Route | Destination | Gateway | Interface | Flags |
[   14.466209] cloud-init[662]: ci-info: +-------+-------------+---------+-----------+-------+
[   14.468317] cloud-init[662]: ci-info: |   1   |  fe80::/64  |    ::   |   enp0s3  |   U   |
[   14.480518] cloud-init[662]: ci-info: |   3   |    local    |    ::   |   enp0s3  |   U   |
[   14.482089] cloud-init[662]: ci-info: |   4   |   ff00::/8  |    ::   |   enp0s3  |   U   |
[   14.483278] cloud-init[662]: ci-info: +-------+-------------+---------+-----------+-------+
[   15.309126] cloud-init[662]: Generating public/private rsa key pair.
[   15.310689] cloud-init[662]: Your identification has been saved in /etc/ssh/ssh_host_rsa_key.
[   15.312774] cloud-init[662]: Your public key has been saved in /etc/ssh/ssh_host_rsa_key.pub.
[   15.314329] cloud-init[662]: The key fingerprint is:
[   15.315365] cloud-init[662]: SHA256:d8kHvm3TSzy1DZAQSw7/xDx+e1K8hgDHjfHFYE5w/6s root@ubuntu-bionic
[   15.317005] cloud-init[662]: The key's randomart image is:
[   15.318072] cloud-init[662]: +---[RSA 2048]----+
[   15.318976] cloud-init[662]: |        . ++.=o. |
[   15.319986] cloud-init[662]: |         =.=X.o. |
[   15.320935] cloud-init[662]: |         .++O+ . |
[   15.321814] cloud-init[662]: |          o* = ..|
[   15.322810] cloud-init[662]: |        S ..B + =|
[   15.323717] cloud-init[662]: |         . ..=o=*|
[   15.324667] cloud-init[662]: |            ..*O+|
[   15.325595] cloud-init[662]: |             .++o|
[   15.326501] cloud-init[662]: |             E . |
[   15.327410] cloud-init[662]: +----[SHA256]-----+
[   15.328331] cloud-init[662]: Generating public/private dsa key pair.
[   15.329510] cloud-init[662]: Your identification has been saved in /etc/ssh/ssh_host_dsa_key.
[   15.331074] cloud-init[662]: Your public key has been saved in /etc/ssh/ssh_host_dsa_key.pub.
[   15.332456] cloud-init[662]: The key fingerprint is:
[   15.333235] cloud-init[662]: SHA256:esisr6JeDRg5YmRbsmcvMqcLuuqWxM12m+OTPLNUxbM root@ubuntu-bionic
[   15.334599] cloud-init[662]: The key's randomart image is:
[   15.335494] cloud-init[662]: +---[DSA 1024]----+
[   15.336227] cloud-init[662]: | + .             |
[   15.356373] cloud-init[662]: |o *     .        |
[   15.357075] cloud-init[662]: |.B o     +       |
[   15.358058] cloud-init[662]: |o * .   . o      |
[   15.358902] cloud-init[662]: |.+o+ . .SE       |
[   15.359703] cloud-init[662]: | o=+++.o         |
[   15.360571] cloud-init[662]: |o.o.ooO .        |
[   15.361323] cloud-init[662]: |oo+ .@ .         |
[   15.362120] cloud-init[662]: |X* .+=B          |
[   15.362931] cloud-init[662]: +----[SHA256]-----+
[   15.363843] cloud-init[662]: Generating public/private ecdsa key pair.
[   15.364893] cloud-init[662]: Your identification has been saved in /etc/ssh/ssh_host_ecdsa_key.
[   15.384246] cloud-init[662]: Your public key has been saved in /etc/ssh/ssh_host_ecdsa_key.pub.
[   15.385561] cloud-init[662]: The key fingerprint is:
[   15.386395] cloud-init[662]: SHA256:YRI6jTjAeM2KKZvkJmhZdQzpm0a116+gcv8hp4hDKSM root@ubuntu-bionic
[   15.387750] cloud-init[662]: The key's randomart image is:
[   15.388821] cloud-init[662]: +---[ECDSA 256]---+
[   15.389605] cloud-init[662]: |+  o .=          |
[   15.390400] cloud-init[662]: |.o..o* =         |
[   15.391436] cloud-init[662]: | +o.* = + .      |
[   15.392277] cloud-init[662]: |+..o + + o .     |
[   15.393209] cloud-init[662]: |=oo . + S   .    |
[   15.394033] cloud-init[662]: |=E o *   .   .   |
[   15.394801] cloud-init[662]: |+ . =   ...o.    |
[   15.395534] cloud-init[662]: |     o.o. +..    |
[   15.396361] cloud-init[662]: |     .+..o..     |
[   15.397143] cloud-init[662]: +----[SHA256]-----+
[   15.397983] cloud-init[662]: Generating public/private ed25519 key pair.
[   15.399021] cloud-init[662]: Your identification has been saved in /etc/ssh/ssh_host_ed25519_key.
[   15.400336] cloud-init[662]: Your public key has been saved in /etc/ssh/ssh_host_ed25519_key.pub.
[   15.401654] cloud-init[662]: The key fingerprint is:
[   15.402498] cloud-init[662]: SHA256:hp/njJbYlV0SBsnCey4lLVBeuuskE26vHNA+ptn0glE root@ubuntu-bionic
[   15.403780] cloud-init[662]: The key's randomart image is:
[   15.417150] cloud-init[662]: +--[ED25519 256]--+
[   15.418003] cloud-init[662]: |       o..oo     |
[   15.418793] cloud-init[662]: |      ..ooo o    |
[   15.419575] cloud-init[662]: |       .o+ . .   |
[   15.420393] cloud-init[662]: |     .E.+.+ . .  |
[   15.421211] cloud-init[662]: |    ..+ S* o o   |
[   15.422019] cloud-init[662]: |    .+ +.o+ .    |
[   15.422689] cloud-init[662]: |     o@o=+.      |
[   15.423456] cloud-init[662]: |    .OoX+=       |
[   15.424350] cloud-init[662]: |    o ++= o      |
[   15.425124] cloud-init[662]: +----[SHA256]-----+
[[0;32m  OK  [0m] Started Initial cloud-init job (metadata service crawler).
[[0;32m  OK  [0m] Reached target System Initialization.
[[0;32m  OK  [0m] Started Daily Cleanup of Temporary Directories.
[[0;32m  OK  [0m] Started Discard unused blocks once a week.
[[0;32m  OK  [0m] Listening on Open-iSCSI iscsid Socket.
[[0;32m  OK  [0m] Started Message of the Day.
         Starting LXD - unix socket.
[[0;32m  OK  [0m] Listening on ACPID Listen Socket.
[[0;32m  OK  [0m] Listening on UUID daemon activation socket.
[[0;32m  OK  [0m] Started Daily apt download activities.
[[0;32m  OK  [0m] Started Daily apt upgrade and clean activities.
[[0;32m  OK  [0m] Reached target Timers.
[[0;32m  OK  [0m] Started ACPI Events Check.
[[0;32m  OK  [0m] Reached target Paths.
         Starting Socket activation for snappy daemon.
[[0;32m  OK  [0m] Listening on D-Bus System Message Bus Socket.
[[0;32m  OK  [0m] Reached target Network is Online.
[[0;32m  OK  [0m] Reached target Remote File Systems (Pre).
[[0;32m  OK  [0m] Reached target Remote File Systems.
         Starting Availability of block devices...
[[0;32m  OK  [0m] Reached target Cloud-config availability.
[[0;32m  OK  [0m] Listening on LXD - unix socket.
[[0;32m  OK  [0m] Listening on Socket activation for snappy daemon.
[[0;32m  OK  [0m] Reached target Sockets.
[[0;32m  OK  [0m] Reached target Basic System.
[[0;32m  OK  [0m] Started Regular background program processing daemon.
[[0;32m  OK  [0m] Started FUSE filesystem for LXC.
         Starting Dispatcher daemon for systemd-networkd...
         Starting Virtualbox guest utils...
[[0;32m  OK  [0m] Started Deferred execution scheduler.
         Starting LSB: automatic crash report generation...
         Starting Permit User Sessions...
         Starting LXD - container startup/shutdown...
         Starting Accounts Service...
         Starting Pollinate to seed the pseudo random number generator...
         Starting Login Service...
[[0;32m  OK  [0m] Started irqbalance daemon.
         Starting Snappy daemon...
[[0;32m  OK  [0m] Started D-Bus System Message Bus.
[[0;32m  OK  [0m] Started Login Service.
[[0;32m  OK  [0m] Started Unattended Upgrades Shutdown.
         Starting System Logging Service...
         Starting LSB: Record successful boot for GRUB...
[[0;32m  OK  [0m] Started Availability of block devices.
[[0;32m  OK  [0m] Started Permit User Sessions.
         Starting Hold until boot process finishes up...
         Starting Terminate Plymouth Boot Screen...
[[0;32m  OK  [0m] Started Hold until boot process finishes up.
[[0;32m  OK  [0m] Started Serial Getty on ttyS0.
         Starting Set console scheme...
[[0;32m  OK  [0m] Started Terminate Plymouth Boot Screen.
[[0;32m  OK  [0m] Started System Logging Service.
[[0;32m  OK  [0m] Started Set console scheme.
[[0;32m  OK  [0m] Created slice system-getty.slice.
[[0;32m  OK  [0m] Started Getty on tty1.
[[0;32m  OK  [0m] Reached target Login Prompts.
[[0;32m  OK  [0m] Started Dispatcher daemon for systemd-networkd.
[[0;32m  OK  [0m] Started LSB: automatic crash report generation.
[[0;32m  OK  [0m] Started LXD - container startup/shutdown.
         Starting Authorization Manager...
[[0;32m  OK  [0m] Started Authorization Manager.
[[0;32m  OK  [0m] Started Accounts Service.
[[0;32m  OK  [0m] Started Virtualbox guest utils.
[[0;32m  OK  [0m] Started LSB: Record successful boot for GRUB.
[[0;32m  OK  [0m] Started Snappy daemon.
         Starting Wait until snapd is fully seeded...
[[0;32m  OK  [0m] Started Pollinate to seed the pseudo random number generator.
         Starting OpenBSD Secure Shell server...
[[0;32m  OK  [0m] Started OpenBSD Secure Shell server.
[[0;32m  OK  [0m] Started Wait until snapd is fully seeded.
         Starting Apply the settings specified in cloud-config...
[[0;32m  OK  [0m] Reached target Multi-User System.
[[0;32m  OK  [0m] Reached target Graphical Interface.
         Starting Update UTMP about System Runlevel Changes...
[[0;32m  OK  [0m] Started Update UTMP about System Runlevel Changes.
[   18.909870] cloud-init[1210]: Cloud-init v. 19.4-33-gbb4131a2-0ubuntu1~18.04.1 running 'modules:config' at Wed, 06 May 2020 19:02:19 +0000. Up 18.36 seconds.
[[0;32m  OK  [0m] Started Apply the settings specified in cloud-config.
         Starting Execute cloud user/final scripts...
ci-info: no authorized SSH keys fingerprints found for user ubuntu.
[[0;32m  OK  [0m] Created slice User Slice of vagrant.
         Starting User Manager for UID 1000...
[[0;32m  OK  [0m] Started Session 1 of user vagrant.
<14>May  6 19:02:20 ec2: 
<14>May  6 19:02:20 ec2: #############################################################
<14>May  6 19:02:20 ec2: -----BEGIN SSH HOST KEY FINGERPRINTS-----
<14>May  6 19:02:20 ec2: 1024 SHA256:esisr6JeDRg5YmRbsmcvMqcLuuqWxM12m+OTPLNUxbM root@ubuntu-bionic (DSA)
<14>May  6 19:02:20 ec2: 256 SHA256:YRI6jTjAeM2KKZvkJmhZdQzpm0a116+gcv8hp4hDKSM root@ubuntu-bionic (ECDSA)
<14>May  6 19:02:20 ec2: 256 SHA256:hp/njJbYlV0SBsnCey4lLVBeuuskE26vHNA+ptn0glE root@ubuntu-bionic (ED25519)
<14>May  6 19:02:20 ec2: 2048 SHA256:d8kHvm3TSzy1DZAQSw7/xDx+e1K8hgDHjfHFYE5w/6s root@ubuntu-bionic (RSA)
<14>May  6 19:02:20 ec2: -----END SSH HOST KEY FINGERPRINTS-----
<14>May  6 19:02:20 ec2: #############################################################
-----BEGIN SSH HOST KEY KEYS-----
ecdsa-sha2-nistp256 AAAAE2VjZHNhLXNoYTItbmlzdHAyNTYAAAAIbmlzdHAyNTYAAABBBL4k+b6+ymjX6hNQdTJDH5CzucRQHI2BJ6XpdldFXdazToZ8XnuRUQj+jpefjy485WHbghepp5ZDdpWv9Tzev8E= root@ubuntu-bionic
ssh-ed25519 AAAAC3NzaC1lZDI1NTE5AAAAINOsrbSjj03B5/I/H+Z8nScib6757W1HWyEj6pSEkt4l root@ubuntu-bionic
ssh-rsa AAAAB3NzaC1yc2EAAAADAQABAAABAQC5vMS+MX6IVZp6bH6aZtMMTkMiE8ieZI++sMMopMckQUlq5WDoOe3wRFyxvR4rb7Zh9uE1vQjbFQBapE8gDsCC2rhiPuR4bqyt6FptCKovgSeJ/evMWHMXKeqwU+trN9unImI3aPpa+zwe0wlXT92zp/faBsPxvG2zn3IERv2BTuk8RrziDR6UqGq7SQqy6DRjz0AARyHFp+UFCybovwCbWF0EJEV8vamnIWCaU6aiOol5x2JmQy6/yr7r7Bk2XF6KCSxs1lV0/GWom8yfYOO/TNstpMXcePGrYpreSEBqO5FYgUvHj1iNxq/Wn7yZdU4v00Hejm/qWlh9ZbbPVr7P root@ubuntu-bionic
-----END SSH HOST KEY KEYS-----
[   19.692151] cloud-init[1263]: Cloud-init v. 19.4-33-gbb4131a2-0ubuntu1~18.04.1 running 'modules:final' at Wed, 06 May 2020 19:02:20 +0000. Up 19.43 seconds.
[   19.704972] cloud-init[1263]: ci-info: no authorized SSH keys fingerprints found for user ubuntu.
[   19.707142] cloud-init[1263]: Cloud-init v. 19.4-33-gbb4131a2-0ubuntu1~18.04.1 finished at Wed, 06 May 2020 19:02:20 +0000. Datasource DataSourceNoCloud [seed=/dev/sdb][dsmode=net].  Up 19.68 seconds
[[0;32m  OK  [0m] Started User Manager for UID 1000.
[[0;32m  OK  [0m] Started Execute cloud user/final scripts.
[[0;32m  OK  [0m] Reached target Cloud-init target.

Ubuntu 18.04.4 LTS ubuntu-bionic ttyS0

ubuntu-bionic login: 